Copyright 1986-2018 Xilinx, Inc. All Rights Reserved.
------------------------------------------------------------------------------------------------------------------------------------------
| Tool Version : Vivado v.2018.3 (win64) Build 2405991 Thu Dec  6 23:38:27 MST 2018
| Date         : Tue Dec 31 13:39:57 2019
| Host         : Hugo running 64-bit major release  (build 9200)
| Command      : report_bus_skew -warn_on_violation -file TOP_bus_skew_routed.rpt -pb TOP_bus_skew_routed.pb -rpx TOP_bus_skew_routed.rpx
| Design       : TOP
| Device       : 7s50-csga324
| Speed File   : -1  PRODUCTION 1.23 2018-06-13
------------------------------------------------------------------------------------------------------------------------------------------

Bus Skew Report

Table of Contents
-----------------
1. Bus Skew Report Summary
2. Bus Skew Report Per Constraint

1. Bus Skew Report Summary
--------------------------

Id  Position  From                            To                              Corner  Requirement(ns)  Actual(ns)  Slack(ns)
--  --------  ------------------------------  ------------------------------  ------  ---------------  ----------  ---------
1   10        [get_cells [list {U_Audio_Interface/U_FIFO_32bit_MISO/U0/inst_fifo_gen/gconvfifo.rf/grf.rf/gntv_or_sync_fifo.gcx.clkx/rd_pntr_cdc_inst/src_gray_ff_reg[0]} {U_Audio_Interface/U_FIFO_32bit_MISO/U0/inst_fifo_gen/gconvfifo.rf/grf.rf/gntv_or_sync_fifo.gcx.clkx/rd_pntr_cdc_inst/src_gray_ff_reg[1]} {U_Audio_Interface/U_FIFO_32bit_MISO/U0/inst_fifo_gen/gconvfifo.rf/grf.rf/gntv_or_sync_fifo.gcx.clkx/rd_pntr_cdc_inst/src_gray_ff_reg[2]} {U_Audio_Interface/U_FIFO_32bit_MISO/U0/inst_fifo_gen/gconvfifo.rf/grf.rf/gntv_or_sync_fifo.gcx.clkx/rd_pntr_cdc_inst/src_gray_ff_reg[3]} {U_Audio_Interface/U_FIFO_32bit_MISO/U0/inst_fifo_gen/gconvfifo.rf/grf.rf/gntv_or_sync_fifo.gcx.clkx/rd_pntr_cdc_inst/src_gray_ff_reg[4]}]]
                                              [get_cells [list {U_Audio_Interface/U_FIFO_32bit_MISO/U0/inst_fifo_gen/gconvfifo.rf/grf.rf/gntv_or_sync_fifo.gcx.clkx/rd_pntr_cdc_inst/dest_graysync_ff_reg[0][0]} {U_Audio_Interface/U_FIFO_32bit_MISO/U0/inst_fifo_gen/gconvfifo.rf/grf.rf/gntv_or_sync_fifo.gcx.clkx/rd_pntr_cdc_inst/dest_graysync_ff_reg[0][1]} {U_Audio_Interface/U_FIFO_32bit_MISO/U0/inst_fifo_gen/gconvfifo.rf/grf.rf/gntv_or_sync_fifo.gcx.clkx/rd_pntr_cdc_inst/dest_graysync_ff_reg[0][2]} {U_Audio_Interface/U_FIFO_32bit_MISO/U0/inst_fifo_gen/gconvfifo.rf/grf.rf/gntv_or_sync_fifo.gcx.clkx/rd_pntr_cdc_inst/dest_graysync_ff_reg[0][3]} {U_Audio_Interface/U_FIFO_32bit_MISO/U0/inst_fifo_gen/gconvfifo.rf/grf.rf/gntv_or_sync_fifo.gcx.clkx/rd_pntr_cdc_inst/dest_graysync_ff_reg[0][4]}]]
                                                                              Slow              4.630       2.065      2.565
2   12        [get_cells [list {U_Audio_Interface/U_FIFO_32bit_MOSI/U0/inst_fifo_gen/gconvfifo.rf/grf.rf/gntv_or_sync_fifo.gcx.clkx/rd_pntr_cdc_inst/src_gray_ff_reg[0]} {U_Audio_Interface/U_FIFO_32bit_MOSI/U0/inst_fifo_gen/gconvfifo.rf/grf.rf/gntv_or_sync_fifo.gcx.clkx/rd_pntr_cdc_inst/src_gray_ff_reg[1]} {U_Audio_Interface/U_FIFO_32bit_MOSI/U0/inst_fifo_gen/gconvfifo.rf/grf.rf/gntv_or_sync_fifo.gcx.clkx/rd_pntr_cdc_inst/src_gray_ff_reg[2]} {U_Audio_Interface/U_FIFO_32bit_MOSI/U0/inst_fifo_gen/gconvfifo.rf/grf.rf/gntv_or_sync_fifo.gcx.clkx/rd_pntr_cdc_inst/src_gray_ff_reg[3]} {U_Audio_Interface/U_FIFO_32bit_MOSI/U0/inst_fifo_gen/gconvfifo.rf/grf.rf/gntv_or_sync_fifo.gcx.clkx/rd_pntr_cdc_inst/src_gray_ff_reg[4]}]]
                                              [get_cells [list {U_Audio_Interface/U_FIFO_32bit_MOSI/U0/inst_fifo_gen/gconvfifo.rf/grf.rf/gntv_or_sync_fifo.gcx.clkx/rd_pntr_cdc_inst/dest_graysync_ff_reg[0][0]} {U_Audio_Interface/U_FIFO_32bit_MOSI/U0/inst_fifo_gen/gconvfifo.rf/grf.rf/gntv_or_sync_fifo.gcx.clkx/rd_pntr_cdc_inst/dest_graysync_ff_reg[0][1]} {U_Audio_Interface/U_FIFO_32bit_MOSI/U0/inst_fifo_gen/gconvfifo.rf/grf.rf/gntv_or_sync_fifo.gcx.clkx/rd_pntr_cdc_inst/dest_graysync_ff_reg[0][2]} {U_Audio_Interface/U_FIFO_32bit_MOSI/U0/inst_fifo_gen/gconvfifo.rf/grf.rf/gntv_or_sync_fifo.gcx.clkx/rd_pntr_cdc_inst/dest_graysync_ff_reg[0][3]} {U_Audio_Interface/U_FIFO_32bit_MOSI/U0/inst_fifo_gen/gconvfifo.rf/grf.rf/gntv_or_sync_fifo.gcx.clkx/rd_pntr_cdc_inst/dest_graysync_ff_reg[0][4]}]]
                                                                              Slow              4.630       1.991      2.639
3   14        [get_cells [list {U_Audio_Interface/U_FIFO_32bit_MISO/U0/inst_fifo_gen/gconvfifo.rf/grf.rf/gntv_or_sync_fifo.gcx.clkx/wr_pntr_cdc_inst/src_gray_ff_reg[0]} {U_Audio_Interface/U_FIFO_32bit_MISO/U0/inst_fifo_gen/gconvfifo.rf/grf.rf/gntv_or_sync_fifo.gcx.clkx/wr_pntr_cdc_inst/src_gray_ff_reg[1]} {U_Audio_Interface/U_FIFO_32bit_MISO/U0/inst_fifo_gen/gconvfifo.rf/grf.rf/gntv_or_sync_fifo.gcx.clkx/wr_pntr_cdc_inst/src_gray_ff_reg[2]} {U_Audio_Interface/U_FIFO_32bit_MISO/U0/inst_fifo_gen/gconvfifo.rf/grf.rf/gntv_or_sync_fifo.gcx.clkx/wr_pntr_cdc_inst/src_gray_ff_reg[3]} {U_Audio_Interface/U_FIFO_32bit_MISO/U0/inst_fifo_gen/gconvfifo.rf/grf.rf/gntv_or_sync_fifo.gcx.clkx/wr_pntr_cdc_inst/src_gray_ff_reg[4]}]]
                                              [get_cells [list {U_Audio_Interface/U_FIFO_32bit_MISO/U0/inst_fifo_gen/gconvfifo.rf/grf.rf/gntv_or_sync_fifo.gcx.clkx/wr_pntr_cdc_inst/dest_graysync_ff_reg[0][0]} {U_Audio_Interface/U_FIFO_32bit_MISO/U0/inst_fifo_gen/gconvfifo.rf/grf.rf/gntv_or_sync_fifo.gcx.clkx/wr_pntr_cdc_inst/dest_graysync_ff_reg[0][1]} {U_Audio_Interface/U_FIFO_32bit_MISO/U0/inst_fifo_gen/gconvfifo.rf/grf.rf/gntv_or_sync_fifo.gcx.clkx/wr_pntr_cdc_inst/dest_graysync_ff_reg[0][2]} {U_Audio_Interface/U_FIFO_32bit_MISO/U0/inst_fifo_gen/gconvfifo.rf/grf.rf/gntv_or_sync_fifo.gcx.clkx/wr_pntr_cdc_inst/dest_graysync_ff_reg[0][3]} {U_Audio_Interface/U_FIFO_32bit_MISO/U0/inst_fifo_gen/gconvfifo.rf/grf.rf/gntv_or_sync_fifo.gcx.clkx/wr_pntr_cdc_inst/dest_graysync_ff_reg[0][4]}]]
                                                                              Slow              4.630       2.243      2.387
4   16        [get_cells [list {U_Audio_Interface/U_FIFO_32bit_MOSI/U0/inst_fifo_gen/gconvfifo.rf/grf.rf/gntv_or_sync_fifo.gcx.clkx/wr_pntr_cdc_inst/src_gray_ff_reg[0]} {U_Audio_Interface/U_FIFO_32bit_MOSI/U0/inst_fifo_gen/gconvfifo.rf/grf.rf/gntv_or_sync_fifo.gcx.clkx/wr_pntr_cdc_inst/src_gray_ff_reg[1]} {U_Audio_Interface/U_FIFO_32bit_MOSI/U0/inst_fifo_gen/gconvfifo.rf/grf.rf/gntv_or_sync_fifo.gcx.clkx/wr_pntr_cdc_inst/src_gray_ff_reg[2]} {U_Audio_Interface/U_FIFO_32bit_MOSI/U0/inst_fifo_gen/gconvfifo.rf/grf.rf/gntv_or_sync_fifo.gcx.clkx/wr_pntr_cdc_inst/src_gray_ff_reg[3]} {U_Audio_Interface/U_FIFO_32bit_MOSI/U0/inst_fifo_gen/gconvfifo.rf/grf.rf/gntv_or_sync_fifo.gcx.clkx/wr_pntr_cdc_inst/src_gray_ff_reg[4]}]]
                                              [get_cells [list {U_Audio_Interface/U_FIFO_32bit_MOSI/U0/inst_fifo_gen/gconvfifo.rf/grf.rf/gntv_or_sync_fifo.gcx.clkx/wr_pntr_cdc_inst/dest_graysync_ff_reg[0][0]} {U_Audio_Interface/U_FIFO_32bit_MOSI/U0/inst_fifo_gen/gconvfifo.rf/grf.rf/gntv_or_sync_fifo.gcx.clkx/wr_pntr_cdc_inst/dest_graysync_ff_reg[0][1]} {U_Audio_Interface/U_FIFO_32bit_MOSI/U0/inst_fifo_gen/gconvfifo.rf/grf.rf/gntv_or_sync_fifo.gcx.clkx/wr_pntr_cdc_inst/dest_graysync_ff_reg[0][2]} {U_Audio_Interface/U_FIFO_32bit_MOSI/U0/inst_fifo_gen/gconvfifo.rf/grf.rf/gntv_or_sync_fifo.gcx.clkx/wr_pntr_cdc_inst/dest_graysync_ff_reg[0][3]} {U_Audio_Interface/U_FIFO_32bit_MOSI/U0/inst_fifo_gen/gconvfifo.rf/grf.rf/gntv_or_sync_fifo.gcx.clkx/wr_pntr_cdc_inst/dest_graysync_ff_reg[0][4]}]]
                                                                              Slow              4.630       2.224      2.406


2. Bus Skew Report Per Constraint
---------------------------------

Id: 1
set_bus_skew -from [get_cells [list {U_Audio_Interface/U_FIFO_32bit_MISO/U0/inst_fifo_gen/gconvfifo.rf/grf.rf/gntv_or_sync_fifo.gcx.clkx/rd_pntr_cdc_inst/src_gray_ff_reg[0]} {U_Audio_Interface/U_FIFO_32bit_MISO/U0/inst_fifo_gen/gconvfifo.rf/grf.rf/gntv_or_sync_fifo.gcx.clkx/rd_pntr_cdc_inst/src_gray_ff_reg[1]} {U_Audio_Interface/U_FIFO_32bit_MISO/U0/inst_fifo_gen/gconvfifo.rf/grf.rf/gntv_or_sync_fifo.gcx.clkx/rd_pntr_cdc_inst/src_gray_ff_reg[2]} {U_Audio_Interface/U_FIFO_32bit_MISO/U0/inst_fifo_gen/gconvfifo.rf/grf.rf/gntv_or_sync_fifo.gcx.clkx/rd_pntr_cdc_inst/src_gray_ff_reg[3]} {U_Audio_Interface/U_FIFO_32bit_MISO/U0/inst_fifo_gen/gconvfifo.rf/grf.rf/gntv_or_sync_fifo.gcx.clkx/rd_pntr_cdc_inst/src_gray_ff_reg[4]}]] -to [get_cells [list {U_Audio_Interface/U_FIFO_32bit_MISO/U0/inst_fifo_gen/gconvfifo.rf/grf.rf/gntv_or_sync_fifo.gcx.clkx/rd_pntr_cdc_inst/dest_graysync_ff_reg[0][0]} {U_Audio_Interface/U_FIFO_32bit_MISO/U0/inst_fifo_gen/gconvfifo.rf/grf.rf/gntv_or_sync_fifo.gcx.clkx/rd_pntr_cdc_inst/dest_graysync_ff_reg[0][1]} {U_Audio_Interface/U_FIFO_32bit_MISO/U0/inst_fifo_gen/gconvfifo.rf/grf.rf/gntv_or_sync_fifo.gcx.clkx/rd_pntr_cdc_inst/dest_graysync_ff_reg[0][2]} {U_Audio_Interface/U_FIFO_32bit_MISO/U0/inst_fifo_gen/gconvfifo.rf/grf.rf/gntv_or_sync_fifo.gcx.clkx/rd_pntr_cdc_inst/dest_graysync_ff_reg[0][3]} {U_Audio_Interface/U_FIFO_32bit_MISO/U0/inst_fifo_gen/gconvfifo.rf/grf.rf/gntv_or_sync_fifo.gcx.clkx/rd_pntr_cdc_inst/dest_graysync_ff_reg[0][4]}]] 4.630
Requirement: 4.630ns
Endpoints: 5

From Clock            To Clock              Endpoint Pin                    Reference Pin                   Corner  Actual(ns)  Slack(ns)
--------------------  --------------------  ------------------------------  ------------------------------  ------  ----------  ---------
clk_112_MMCM_112      clk_216_MMCM          U_Audio_Interface/U_FIFO_32bit_MISO/U0/inst_fifo_gen/gconvfifo.rf/grf.rf/gntv_or_sync_fifo.gcx.clkx/rd_pntr_cdc_inst/dest_graysync_ff_reg[0][2]/D
                                                                            U_Audio_Interface/U_FIFO_32bit_MISO/U0/inst_fifo_gen/gconvfifo.rf/grf.rf/gntv_or_sync_fifo.gcx.clkx/rd_pntr_cdc_inst/dest_graysync_ff_reg[0][1]/D
                                                                                                            Slow         2.065      2.565


Slack (MET) :             2.565ns  (requirement - actual skew)
  Endpoint Source:        U_Audio_Interface/U_FIFO_32bit_MISO/U0/inst_fifo_gen/gconvfifo.rf/grf.rf/gntv_or_sync_fifo.gcx.clkx/rd_pntr_cdc_inst/src_gray_ff_reg[2]/C
                            (rising edge-triggered cell FDRE clocked by clk_112_MMCM_112)
  Endpoint Destination:   U_Audio_Interface/U_FIFO_32bit_MISO/U0/inst_fifo_gen/gconvfifo.rf/grf.rf/gntv_or_sync_fifo.gcx.clkx/rd_pntr_cdc_inst/dest_graysync_ff_reg[0][2]/D
                            (rising edge-triggered cell FDRE clocked by clk_216_MMCM)
  Reference Source:       U_Audio_Interface/U_FIFO_32bit_MISO/U0/inst_fifo_gen/gconvfifo.rf/grf.rf/gntv_or_sync_fifo.gcx.clkx/rd_pntr_cdc_inst/src_gray_ff_reg[1]/C
                            (rising edge-triggered cell FDRE clocked by clk_112_MMCM_112)
  Reference Destination:  U_Audio_Interface/U_FIFO_32bit_MISO/U0/inst_fifo_gen/gconvfifo.rf/grf.rf/gntv_or_sync_fifo.gcx.clkx/rd_pntr_cdc_inst/dest_graysync_ff_reg[0][1]/D
                            (rising edge-triggered cell FDRE clocked by clk_216_MMCM)
  Path Type:              Bus Skew (Max at Slow Process Corner)
  Requirement:            4.630ns
  Endpoint Relative Delay:    9.287ns
  Reference Relative Delay:   7.846ns
  Relative CRPR:              0.788ns
  Uncertainty:                1.413ns
  Actual Bus Skew:            2.065ns  (Endpoint Relative Delay - Reference Relative Delay - Relative CRPR + Uncertainty)

Endpoint path:
    Location             Delay type                Incr(ns)  Path(ns)    Netlist Resource(s)
  -------------------------------------------------------------------    -------------------
                         (clock clk_112_MMCM_112 rise edge)
                                                      0.000     0.000 r  
    F14                  IBUF                         0.000     0.000 r  IBUF_inst/O
                         net (fo=2, routed)           1.336     1.336    MMCM_GEN_112.U_MMCM_112/inst/CLK12MHZ
    MMCME2_ADV_X0Y2      MMCME2_ADV (Prop_mmcme2_adv_CLKIN1_CLKOUT0)
                                                      0.088     1.424 r  MMCM_GEN_112.U_MMCM_112/inst/mmcm_adv_inst/CLKOUT0
                         net (fo=1, routed)           1.968     3.392    MMCM_GEN_112.U_MMCM_112/inst/clk_112_MMCM_112
    BUFGCTRL_X0Y17       BUFG (Prop_bufg_I_O)         0.096     3.488 r  MMCM_GEN_112.U_MMCM_112/inst/clkout1_buf/O
                         net (fo=415, routed)         1.557     5.046    U_Audio_Interface/U_FIFO_32bit_MISO/U0/inst_fifo_gen/gconvfifo.rf/grf.rf/gntv_or_sync_fifo.gcx.clkx/rd_pntr_cdc_inst/src_clk
    SLICE_X40Y31         FDRE                                         r  U_Audio_Interface/U_FIFO_32bit_MISO/U0/inst_fifo_gen/gconvfifo.rf/grf.rf/gntv_or_sync_fifo.gcx.clkx/rd_pntr_cdc_inst/src_gray_ff_reg[2]/C
  -------------------------------------------------------------------    -------------------
    SLICE_X40Y31         FDRE (Prop_fdre_C_Q)         0.456     5.502 r  U_Audio_Interface/U_FIFO_32bit_MISO/U0/inst_fifo_gen/gconvfifo.rf/grf.rf/gntv_or_sync_fifo.gcx.clkx/rd_pntr_cdc_inst/src_gray_ff_reg[2]/Q
                         net (fo=1, routed)           0.763     6.264    U_Audio_Interface/U_FIFO_32bit_MISO/U0/inst_fifo_gen/gconvfifo.rf/grf.rf/gntv_or_sync_fifo.gcx.clkx/rd_pntr_cdc_inst/async_path[2]
    SLICE_X41Y31         FDRE                                         r  U_Audio_Interface/U_FIFO_32bit_MISO/U0/inst_fifo_gen/gconvfifo.rf/grf.rf/gntv_or_sync_fifo.gcx.clkx/rd_pntr_cdc_inst/dest_graysync_ff_reg[0][2]/D
  -------------------------------------------------------------------    -------------------

                         (clock clk_216_MMCM rise edge)
                                                      0.000     0.000 r  
    F14                  IBUF                         0.000     0.000 r  IBUF_inst/O
                         net (fo=2, routed)           1.162     1.162    MMCM_GEN.U_MMCM/inst/CLK12MHZ
    MMCME2_ADV_X0Y1      MMCME2_ADV (Prop_mmcme2_adv_CLKIN1_CLKOUT0)
                                                     -7.208    -6.046 r  MMCM_GEN.U_MMCM/inst/mmcm_adv_inst/CLKOUT0
                         net (fo=1, routed)           1.587    -4.459    MMCM_GEN.U_MMCM/inst/clk_216_MMCM
    BUFGCTRL_X0Y16       BUFG (Prop_bufg_I_O)         0.091    -4.368 r  MMCM_GEN.U_MMCM/inst/clkout1_buf/O
                         net (fo=6432, routed)        1.440    -2.927    U_Audio_Interface/U_FIFO_32bit_MISO/U0/inst_fifo_gen/gconvfifo.rf/grf.rf/gntv_or_sync_fifo.gcx.clkx/rd_pntr_cdc_inst/dest_clk
    SLICE_X41Y31         FDRE                                         r  U_Audio_Interface/U_FIFO_32bit_MISO/U0/inst_fifo_gen/gconvfifo.rf/grf.rf/gntv_or_sync_fifo.gcx.clkx/rd_pntr_cdc_inst/dest_graysync_ff_reg[0][2]/C
                         clock pessimism              0.000    -2.927    
    SLICE_X41Y31         FDRE (Setup_fdre_C_D)       -0.095    -3.022    U_Audio_Interface/U_FIFO_32bit_MISO/U0/inst_fifo_gen/gconvfifo.rf/grf.rf/gntv_or_sync_fifo.gcx.clkx/rd_pntr_cdc_inst/dest_graysync_ff_reg[0][2]
  -------------------------------------------------------------------
                         data arrival                           6.264    
                         clock arrival                         -3.022    
  -------------------------------------------------------------------
                         relative delay                         9.287    

Reference path:
    Location             Delay type                Incr(ns)  Path(ns)    Netlist Resource(s)
  -------------------------------------------------------------------    -------------------
                         (clock clk_112_MMCM_112 rise edge)
                                                      0.000     0.000 r  
    F14                  IBUF                         0.000     0.000 r  IBUF_inst/O
                         net (fo=2, routed)           1.261     1.261    MMCM_GEN_112.U_MMCM_112/inst/CLK12MHZ
    MMCME2_ADV_X0Y2      MMCME2_ADV (Prop_mmcme2_adv_CLKIN1_CLKOUT0)
                                                      0.083     1.344 r  MMCM_GEN_112.U_MMCM_112/inst/mmcm_adv_inst/CLKOUT0
                         net (fo=1, routed)           1.874     3.218    MMCM_GEN_112.U_MMCM_112/inst/clk_112_MMCM_112
    BUFGCTRL_X0Y17       BUFG (Prop_bufg_I_O)         0.091     3.309 r  MMCM_GEN_112.U_MMCM_112/inst/clkout1_buf/O
                         net (fo=415, routed)         1.440     4.749    U_Audio_Interface/U_FIFO_32bit_MISO/U0/inst_fifo_gen/gconvfifo.rf/grf.rf/gntv_or_sync_fifo.gcx.clkx/rd_pntr_cdc_inst/src_clk
    SLICE_X40Y31         FDRE                                         r  U_Audio_Interface/U_FIFO_32bit_MISO/U0/inst_fifo_gen/gconvfifo.rf/grf.rf/gntv_or_sync_fifo.gcx.clkx/rd_pntr_cdc_inst/src_gray_ff_reg[1]/C
  -------------------------------------------------------------------    -------------------
    SLICE_X40Y31         FDRE (Prop_fdre_C_Q)         0.337     5.086 r  U_Audio_Interface/U_FIFO_32bit_MISO/U0/inst_fifo_gen/gconvfifo.rf/grf.rf/gntv_or_sync_fifo.gcx.clkx/rd_pntr_cdc_inst/src_gray_ff_reg[1]/Q
                         net (fo=1, routed)           0.388     5.475    U_Audio_Interface/U_FIFO_32bit_MISO/U0/inst_fifo_gen/gconvfifo.rf/grf.rf/gntv_or_sync_fifo.gcx.clkx/rd_pntr_cdc_inst/async_path[1]
    SLICE_X39Y30         FDRE                                         r  U_Audio_Interface/U_FIFO_32bit_MISO/U0/inst_fifo_gen/gconvfifo.rf/grf.rf/gntv_or_sync_fifo.gcx.clkx/rd_pntr_cdc_inst/dest_graysync_ff_reg[0][1]/D
  -------------------------------------------------------------------    -------------------

                         (clock clk_216_MMCM rise edge)
                                                      0.000     0.000 r  
    F14                  IBUF                         0.000     0.000 r  IBUF_inst/O
                         net (fo=2, routed)           1.233     1.233    MMCM_GEN.U_MMCM/inst/CLK12MHZ
    MMCME2_ADV_X0Y1      MMCME2_ADV (Prop_mmcme2_adv_CLKIN1_CLKOUT0)
                                                     -6.950    -5.717 r  MMCM_GEN.U_MMCM/inst/mmcm_adv_inst/CLKOUT0
                         net (fo=1, routed)           1.666    -4.051    MMCM_GEN.U_MMCM/inst/clk_216_MMCM
    BUFGCTRL_X0Y16       BUFG (Prop_bufg_I_O)         0.096    -3.955 r  MMCM_GEN.U_MMCM/inst/clkout1_buf/O
                         net (fo=6432, routed)        1.555    -2.399    U_Audio_Interface/U_FIFO_32bit_MISO/U0/inst_fifo_gen/gconvfifo.rf/grf.rf/gntv_or_sync_fifo.gcx.clkx/rd_pntr_cdc_inst/dest_clk
    SLICE_X39Y30         FDRE                                         r  U_Audio_Interface/U_FIFO_32bit_MISO/U0/inst_fifo_gen/gconvfifo.rf/grf.rf/gntv_or_sync_fifo.gcx.clkx/rd_pntr_cdc_inst/dest_graysync_ff_reg[0][1]/C
                         clock pessimism              0.000    -2.399    
    SLICE_X39Y30         FDRE (Hold_fdre_C_D)         0.028    -2.371    U_Audio_Interface/U_FIFO_32bit_MISO/U0/inst_fifo_gen/gconvfifo.rf/grf.rf/gntv_or_sync_fifo.gcx.clkx/rd_pntr_cdc_inst/dest_graysync_ff_reg[0][1]
  -------------------------------------------------------------------
                         data arrival                           5.475    
                         clock arrival                         -2.371    
  -------------------------------------------------------------------
                         relative delay                         7.846    



Id: 2
set_bus_skew -from [get_cells [list {U_Audio_Interface/U_FIFO_32bit_MOSI/U0/inst_fifo_gen/gconvfifo.rf/grf.rf/gntv_or_sync_fifo.gcx.clkx/rd_pntr_cdc_inst/src_gray_ff_reg[0]} {U_Audio_Interface/U_FIFO_32bit_MOSI/U0/inst_fifo_gen/gconvfifo.rf/grf.rf/gntv_or_sync_fifo.gcx.clkx/rd_pntr_cdc_inst/src_gray_ff_reg[1]} {U_Audio_Interface/U_FIFO_32bit_MOSI/U0/inst_fifo_gen/gconvfifo.rf/grf.rf/gntv_or_sync_fifo.gcx.clkx/rd_pntr_cdc_inst/src_gray_ff_reg[2]} {U_Audio_Interface/U_FIFO_32bit_MOSI/U0/inst_fifo_gen/gconvfifo.rf/grf.rf/gntv_or_sync_fifo.gcx.clkx/rd_pntr_cdc_inst/src_gray_ff_reg[3]} {U_Audio_Interface/U_FIFO_32bit_MOSI/U0/inst_fifo_gen/gconvfifo.rf/grf.rf/gntv_or_sync_fifo.gcx.clkx/rd_pntr_cdc_inst/src_gray_ff_reg[4]}]] -to [get_cells [list {U_Audio_Interface/U_FIFO_32bit_MOSI/U0/inst_fifo_gen/gconvfifo.rf/grf.rf/gntv_or_sync_fifo.gcx.clkx/rd_pntr_cdc_inst/dest_graysync_ff_reg[0][0]} {U_Audio_Interface/U_FIFO_32bit_MOSI/U0/inst_fifo_gen/gconvfifo.rf/grf.rf/gntv_or_sync_fifo.gcx.clkx/rd_pntr_cdc_inst/dest_graysync_ff_reg[0][1]} {U_Audio_Interface/U_FIFO_32bit_MOSI/U0/inst_fifo_gen/gconvfifo.rf/grf.rf/gntv_or_sync_fifo.gcx.clkx/rd_pntr_cdc_inst/dest_graysync_ff_reg[0][2]} {U_Audio_Interface/U_FIFO_32bit_MOSI/U0/inst_fifo_gen/gconvfifo.rf/grf.rf/gntv_or_sync_fifo.gcx.clkx/rd_pntr_cdc_inst/dest_graysync_ff_reg[0][3]} {U_Audio_Interface/U_FIFO_32bit_MOSI/U0/inst_fifo_gen/gconvfifo.rf/grf.rf/gntv_or_sync_fifo.gcx.clkx/rd_pntr_cdc_inst/dest_graysync_ff_reg[0][4]}]] 4.630
Requirement: 4.630ns
Endpoints: 5

From Clock            To Clock              Endpoint Pin                    Reference Pin                   Corner  Actual(ns)  Slack(ns)
--------------------  --------------------  ------------------------------  ------------------------------  ------  ----------  ---------
clk_216_MMCM          clk_112_MMCM_112      U_Audio_Interface/U_FIFO_32bit_MOSI/U0/inst_fifo_gen/gconvfifo.rf/grf.rf/gntv_or_sync_fifo.gcx.clkx/rd_pntr_cdc_inst/dest_graysync_ff_reg[0][0]/D
                                                                            U_Audio_Interface/U_FIFO_32bit_MOSI/U0/inst_fifo_gen/gconvfifo.rf/grf.rf/gntv_or_sync_fifo.gcx.clkx/rd_pntr_cdc_inst/dest_graysync_ff_reg[0][3]/D
                                                                                                            Slow         1.991      2.639


Slack (MET) :             2.639ns  (requirement - actual skew)
  Endpoint Source:        U_Audio_Interface/U_FIFO_32bit_MOSI/U0/inst_fifo_gen/gconvfifo.rf/grf.rf/gntv_or_sync_fifo.gcx.clkx/rd_pntr_cdc_inst/src_gray_ff_reg[0]/C
                            (rising edge-triggered cell FDRE clocked by clk_216_MMCM)
  Endpoint Destination:   U_Audio_Interface/U_FIFO_32bit_MOSI/U0/inst_fifo_gen/gconvfifo.rf/grf.rf/gntv_or_sync_fifo.gcx.clkx/rd_pntr_cdc_inst/dest_graysync_ff_reg[0][0]/D
                            (rising edge-triggered cell FDRE clocked by clk_112_MMCM_112)
  Reference Source:       U_Audio_Interface/U_FIFO_32bit_MOSI/U0/inst_fifo_gen/gconvfifo.rf/grf.rf/gntv_or_sync_fifo.gcx.clkx/rd_pntr_cdc_inst/src_gray_ff_reg[3]/C
                            (rising edge-triggered cell FDRE clocked by clk_216_MMCM)
  Reference Destination:  U_Audio_Interface/U_FIFO_32bit_MOSI/U0/inst_fifo_gen/gconvfifo.rf/grf.rf/gntv_or_sync_fifo.gcx.clkx/rd_pntr_cdc_inst/dest_graysync_ff_reg[0][3]/D
                            (rising edge-triggered cell FDRE clocked by clk_112_MMCM_112)
  Path Type:              Bus Skew (Max at Slow Process Corner)
  Requirement:            4.630ns
  Endpoint Relative Delay:   -5.921ns
  Reference Relative Delay:  -7.287ns
  Relative CRPR:              0.788ns
  Uncertainty:                1.413ns
  Actual Bus Skew:            1.991ns  (Endpoint Relative Delay - Reference Relative Delay - Relative CRPR + Uncertainty)

Endpoint path:
    Location             Delay type                Incr(ns)  Path(ns)    Netlist Resource(s)
  -------------------------------------------------------------------    -------------------
                         (clock clk_216_MMCM rise edge)
                                                      0.000     0.000 r  
    F14                  IBUF                         0.000     0.000 r  IBUF_inst/O
                         net (fo=2, routed)           1.233     1.233    MMCM_GEN.U_MMCM/inst/CLK12MHZ
    MMCME2_ADV_X0Y1      MMCME2_ADV (Prop_mmcme2_adv_CLKIN1_CLKOUT0)
                                                     -6.950    -5.717 r  MMCM_GEN.U_MMCM/inst/mmcm_adv_inst/CLKOUT0
                         net (fo=1, routed)           1.666    -4.051    MMCM_GEN.U_MMCM/inst/clk_216_MMCM
    BUFGCTRL_X0Y16       BUFG (Prop_bufg_I_O)         0.096    -3.955 r  MMCM_GEN.U_MMCM/inst/clkout1_buf/O
                         net (fo=6432, routed)        1.562    -2.392    U_Audio_Interface/U_FIFO_32bit_MOSI/U0/inst_fifo_gen/gconvfifo.rf/grf.rf/gntv_or_sync_fifo.gcx.clkx/rd_pntr_cdc_inst/src_clk
    SLICE_X45Y34         FDRE                                         r  U_Audio_Interface/U_FIFO_32bit_MOSI/U0/inst_fifo_gen/gconvfifo.rf/grf.rf/gntv_or_sync_fifo.gcx.clkx/rd_pntr_cdc_inst/src_gray_ff_reg[0]/C
  -------------------------------------------------------------------    -------------------
    SLICE_X45Y34         FDRE (Prop_fdre_C_Q)         0.456    -1.936 r  U_Audio_Interface/U_FIFO_32bit_MOSI/U0/inst_fifo_gen/gconvfifo.rf/grf.rf/gntv_or_sync_fifo.gcx.clkx/rd_pntr_cdc_inst/src_gray_ff_reg[0]/Q
                         net (fo=1, routed)           0.721    -1.215    U_Audio_Interface/U_FIFO_32bit_MOSI/U0/inst_fifo_gen/gconvfifo.rf/grf.rf/gntv_or_sync_fifo.gcx.clkx/rd_pntr_cdc_inst/async_path[0]
    SLICE_X42Y33         FDRE                                         r  U_Audio_Interface/U_FIFO_32bit_MOSI/U0/inst_fifo_gen/gconvfifo.rf/grf.rf/gntv_or_sync_fifo.gcx.clkx/rd_pntr_cdc_inst/dest_graysync_ff_reg[0][0]/D
  -------------------------------------------------------------------    -------------------

                         (clock clk_112_MMCM_112 rise edge)
                                                      0.000     0.000 r  
    F14                  IBUF                         0.000     0.000 r  IBUF_inst/O
                         net (fo=2, routed)           1.261     1.261    MMCM_GEN_112.U_MMCM_112/inst/CLK12MHZ
    MMCME2_ADV_X0Y2      MMCME2_ADV (Prop_mmcme2_adv_CLKIN1_CLKOUT0)
                                                      0.083     1.344 r  MMCM_GEN_112.U_MMCM_112/inst/mmcm_adv_inst/CLKOUT0
                         net (fo=1, routed)           1.874     3.218    MMCM_GEN_112.U_MMCM_112/inst/clk_112_MMCM_112
    BUFGCTRL_X0Y17       BUFG (Prop_bufg_I_O)         0.091     3.309 r  MMCM_GEN_112.U_MMCM_112/inst/clkout1_buf/O
                         net (fo=415, routed)         1.443     4.753    U_Audio_Interface/U_FIFO_32bit_MOSI/U0/inst_fifo_gen/gconvfifo.rf/grf.rf/gntv_or_sync_fifo.gcx.clkx/rd_pntr_cdc_inst/dest_clk
    SLICE_X42Y33         FDRE                                         r  U_Audio_Interface/U_FIFO_32bit_MOSI/U0/inst_fifo_gen/gconvfifo.rf/grf.rf/gntv_or_sync_fifo.gcx.clkx/rd_pntr_cdc_inst/dest_graysync_ff_reg[0][0]/C
                         clock pessimism              0.000     4.753    
    SLICE_X42Y33         FDRE (Setup_fdre_C_D)       -0.047     4.706    U_Audio_Interface/U_FIFO_32bit_MOSI/U0/inst_fifo_gen/gconvfifo.rf/grf.rf/gntv_or_sync_fifo.gcx.clkx/rd_pntr_cdc_inst/dest_graysync_ff_reg[0][0]
  -------------------------------------------------------------------
                         data arrival                          -1.215    
                         clock arrival                          4.706    
  -------------------------------------------------------------------
                         relative delay                        -5.921    

Reference path:
    Location             Delay type                Incr(ns)  Path(ns)    Netlist Resource(s)
  -------------------------------------------------------------------    -------------------
                         (clock clk_216_MMCM rise edge)
                                                      0.000     0.000 r  
    F14                  IBUF                         0.000     0.000 r  IBUF_inst/O
                         net (fo=2, routed)           1.162     1.162    MMCM_GEN.U_MMCM/inst/CLK12MHZ
    MMCME2_ADV_X0Y1      MMCME2_ADV (Prop_mmcme2_adv_CLKIN1_CLKOUT0)
                                                     -7.208    -6.046 r  MMCM_GEN.U_MMCM/inst/mmcm_adv_inst/CLKOUT0
                         net (fo=1, routed)           1.587    -4.459    MMCM_GEN.U_MMCM/inst/clk_216_MMCM
    BUFGCTRL_X0Y16       BUFG (Prop_bufg_I_O)         0.091    -4.368 r  MMCM_GEN.U_MMCM/inst/clkout1_buf/O
                         net (fo=6432, routed)        1.445    -2.922    U_Audio_Interface/U_FIFO_32bit_MOSI/U0/inst_fifo_gen/gconvfifo.rf/grf.rf/gntv_or_sync_fifo.gcx.clkx/rd_pntr_cdc_inst/src_clk
    SLICE_X45Y34         FDRE                                         r  U_Audio_Interface/U_FIFO_32bit_MOSI/U0/inst_fifo_gen/gconvfifo.rf/grf.rf/gntv_or_sync_fifo.gcx.clkx/rd_pntr_cdc_inst/src_gray_ff_reg[3]/C
  -------------------------------------------------------------------    -------------------
    SLICE_X45Y34         FDRE (Prop_fdre_C_Q)         0.337    -2.585 r  U_Audio_Interface/U_FIFO_32bit_MOSI/U0/inst_fifo_gen/gconvfifo.rf/grf.rf/gntv_or_sync_fifo.gcx.clkx/rd_pntr_cdc_inst/src_gray_ff_reg[3]/Q
                         net (fo=1, routed)           0.378    -2.207    U_Audio_Interface/U_FIFO_32bit_MOSI/U0/inst_fifo_gen/gconvfifo.rf/grf.rf/gntv_or_sync_fifo.gcx.clkx/rd_pntr_cdc_inst/async_path[3]
    SLICE_X44Y33         FDRE                                         r  U_Audio_Interface/U_FIFO_32bit_MOSI/U0/inst_fifo_gen/gconvfifo.rf/grf.rf/gntv_or_sync_fifo.gcx.clkx/rd_pntr_cdc_inst/dest_graysync_ff_reg[0][3]/D
  -------------------------------------------------------------------    -------------------

                         (clock clk_112_MMCM_112 rise edge)
                                                      0.000     0.000 r  
    F14                  IBUF                         0.000     0.000 r  IBUF_inst/O
                         net (fo=2, routed)           1.336     1.336    MMCM_GEN_112.U_MMCM_112/inst/CLK12MHZ
    MMCME2_ADV_X0Y2      MMCME2_ADV (Prop_mmcme2_adv_CLKIN1_CLKOUT0)
                                                      0.088     1.424 r  MMCM_GEN_112.U_MMCM_112/inst/mmcm_adv_inst/CLKOUT0
                         net (fo=1, routed)           1.968     3.392    MMCM_GEN_112.U_MMCM_112/inst/clk_112_MMCM_112
    BUFGCTRL_X0Y17       BUFG (Prop_bufg_I_O)         0.096     3.488 r  MMCM_GEN_112.U_MMCM_112/inst/clkout1_buf/O
                         net (fo=415, routed)         1.561     5.050    U_Audio_Interface/U_FIFO_32bit_MOSI/U0/inst_fifo_gen/gconvfifo.rf/grf.rf/gntv_or_sync_fifo.gcx.clkx/rd_pntr_cdc_inst/dest_clk
    SLICE_X44Y33         FDRE                                         r  U_Audio_Interface/U_FIFO_32bit_MOSI/U0/inst_fifo_gen/gconvfifo.rf/grf.rf/gntv_or_sync_fifo.gcx.clkx/rd_pntr_cdc_inst/dest_graysync_ff_reg[0][3]/C
                         clock pessimism              0.000     5.050    
    SLICE_X44Y33         FDRE (Hold_fdre_C_D)         0.030     5.080    U_Audio_Interface/U_FIFO_32bit_MOSI/U0/inst_fifo_gen/gconvfifo.rf/grf.rf/gntv_or_sync_fifo.gcx.clkx/rd_pntr_cdc_inst/dest_graysync_ff_reg[0][3]
  -------------------------------------------------------------------
                         data arrival                          -2.207    
                         clock arrival                          5.080    
  -------------------------------------------------------------------
                         relative delay                        -7.287    



Id: 3
set_bus_skew -from [get_cells [list {U_Audio_Interface/U_FIFO_32bit_MISO/U0/inst_fifo_gen/gconvfifo.rf/grf.rf/gntv_or_sync_fifo.gcx.clkx/wr_pntr_cdc_inst/src_gray_ff_reg[0]} {U_Audio_Interface/U_FIFO_32bit_MISO/U0/inst_fifo_gen/gconvfifo.rf/grf.rf/gntv_or_sync_fifo.gcx.clkx/wr_pntr_cdc_inst/src_gray_ff_reg[1]} {U_Audio_Interface/U_FIFO_32bit_MISO/U0/inst_fifo_gen/gconvfifo.rf/grf.rf/gntv_or_sync_fifo.gcx.clkx/wr_pntr_cdc_inst/src_gray_ff_reg[2]} {U_Audio_Interface/U_FIFO_32bit_MISO/U0/inst_fifo_gen/gconvfifo.rf/grf.rf/gntv_or_sync_fifo.gcx.clkx/wr_pntr_cdc_inst/src_gray_ff_reg[3]} {U_Audio_Interface/U_FIFO_32bit_MISO/U0/inst_fifo_gen/gconvfifo.rf/grf.rf/gntv_or_sync_fifo.gcx.clkx/wr_pntr_cdc_inst/src_gray_ff_reg[4]}]] -to [get_cells [list {U_Audio_Interface/U_FIFO_32bit_MISO/U0/inst_fifo_gen/gconvfifo.rf/grf.rf/gntv_or_sync_fifo.gcx.clkx/wr_pntr_cdc_inst/dest_graysync_ff_reg[0][0]} {U_Audio_Interface/U_FIFO_32bit_MISO/U0/inst_fifo_gen/gconvfifo.rf/grf.rf/gntv_or_sync_fifo.gcx.clkx/wr_pntr_cdc_inst/dest_graysync_ff_reg[0][1]} {U_Audio_Interface/U_FIFO_32bit_MISO/U0/inst_fifo_gen/gconvfifo.rf/grf.rf/gntv_or_sync_fifo.gcx.clkx/wr_pntr_cdc_inst/dest_graysync_ff_reg[0][2]} {U_Audio_Interface/U_FIFO_32bit_MISO/U0/inst_fifo_gen/gconvfifo.rf/grf.rf/gntv_or_sync_fifo.gcx.clkx/wr_pntr_cdc_inst/dest_graysync_ff_reg[0][3]} {U_Audio_Interface/U_FIFO_32bit_MISO/U0/inst_fifo_gen/gconvfifo.rf/grf.rf/gntv_or_sync_fifo.gcx.clkx/wr_pntr_cdc_inst/dest_graysync_ff_reg[0][4]}]] 4.630
Requirement: 4.630ns
Endpoints: 5

From Clock            To Clock              Endpoint Pin                    Reference Pin                   Corner  Actual(ns)  Slack(ns)
--------------------  --------------------  ------------------------------  ------------------------------  ------  ----------  ---------
clk_216_MMCM          clk_112_MMCM_112      U_Audio_Interface/U_FIFO_32bit_MISO/U0/inst_fifo_gen/gconvfifo.rf/grf.rf/gntv_or_sync_fifo.gcx.clkx/wr_pntr_cdc_inst/dest_graysync_ff_reg[0][4]/D
                                                                            U_Audio_Interface/U_FIFO_32bit_MISO/U0/inst_fifo_gen/gconvfifo.rf/grf.rf/gntv_or_sync_fifo.gcx.clkx/wr_pntr_cdc_inst/dest_graysync_ff_reg[0][1]/D
                                                                                                            Slow         2.243      2.387


Slack (MET) :             2.387ns  (requirement - actual skew)
  Endpoint Source:        U_Audio_Interface/U_FIFO_32bit_MISO/U0/inst_fifo_gen/gconvfifo.rf/grf.rf/gntv_or_sync_fifo.gcx.clkx/wr_pntr_cdc_inst/src_gray_ff_reg[4]/C
                            (rising edge-triggered cell FDRE clocked by clk_216_MMCM)
  Endpoint Destination:   U_Audio_Interface/U_FIFO_32bit_MISO/U0/inst_fifo_gen/gconvfifo.rf/grf.rf/gntv_or_sync_fifo.gcx.clkx/wr_pntr_cdc_inst/dest_graysync_ff_reg[0][4]/D
                            (rising edge-triggered cell FDRE clocked by clk_112_MMCM_112)
  Reference Source:       U_Audio_Interface/U_FIFO_32bit_MISO/U0/inst_fifo_gen/gconvfifo.rf/grf.rf/gntv_or_sync_fifo.gcx.clkx/wr_pntr_cdc_inst/src_gray_ff_reg[1]/C
                            (rising edge-triggered cell FDRE clocked by clk_216_MMCM)
  Reference Destination:  U_Audio_Interface/U_FIFO_32bit_MISO/U0/inst_fifo_gen/gconvfifo.rf/grf.rf/gntv_or_sync_fifo.gcx.clkx/wr_pntr_cdc_inst/dest_graysync_ff_reg[0][1]/D
                            (rising edge-triggered cell FDRE clocked by clk_112_MMCM_112)
  Path Type:              Bus Skew (Max at Slow Process Corner)
  Requirement:            4.630ns
  Endpoint Relative Delay:   -5.750ns
  Reference Relative Delay:  -7.187ns
  Relative CRPR:              0.606ns
  Uncertainty:                1.413ns
  Actual Bus Skew:            2.243ns  (Endpoint Relative Delay - Reference Relative Delay - Relative CRPR + Uncertainty)

Endpoint path:
    Location             Delay type                Incr(ns)  Path(ns)    Netlist Resource(s)
  -------------------------------------------------------------------    -------------------
                         (clock clk_216_MMCM rise edge)
                                                      0.000     0.000 r  
    F14                  IBUF                         0.000     0.000 r  IBUF_inst/O
                         net (fo=2, routed)           1.233     1.233    MMCM_GEN.U_MMCM/inst/CLK12MHZ
    MMCME2_ADV_X0Y1      MMCME2_ADV (Prop_mmcme2_adv_CLKIN1_CLKOUT0)
                                                     -6.950    -5.717 r  MMCM_GEN.U_MMCM/inst/mmcm_adv_inst/CLKOUT0
                         net (fo=1, routed)           1.666    -4.051    MMCM_GEN.U_MMCM/inst/clk_216_MMCM
    BUFGCTRL_X0Y16       BUFG (Prop_bufg_I_O)         0.096    -3.955 r  MMCM_GEN.U_MMCM/inst/clkout1_buf/O
                         net (fo=6432, routed)        1.547    -2.408    U_Audio_Interface/U_FIFO_32bit_MISO/U0/inst_fifo_gen/gconvfifo.rf/grf.rf/gntv_or_sync_fifo.gcx.clkx/wr_pntr_cdc_inst/src_clk
    SLICE_X32Y25         FDRE                                         r  U_Audio_Interface/U_FIFO_32bit_MISO/U0/inst_fifo_gen/gconvfifo.rf/grf.rf/gntv_or_sync_fifo.gcx.clkx/wr_pntr_cdc_inst/src_gray_ff_reg[4]/C
  -------------------------------------------------------------------    -------------------
    SLICE_X32Y25         FDRE (Prop_fdre_C_Q)         0.456    -1.951 r  U_Audio_Interface/U_FIFO_32bit_MISO/U0/inst_fifo_gen/gconvfifo.rf/grf.rf/gntv_or_sync_fifo.gcx.clkx/wr_pntr_cdc_inst/src_gray_ff_reg[4]/Q
                         net (fo=1, routed)           0.847    -1.105    U_Audio_Interface/U_FIFO_32bit_MISO/U0/inst_fifo_gen/gconvfifo.rf/grf.rf/gntv_or_sync_fifo.gcx.clkx/wr_pntr_cdc_inst/async_path[4]
    SLICE_X32Y24         FDRE                                         r  U_Audio_Interface/U_FIFO_32bit_MISO/U0/inst_fifo_gen/gconvfifo.rf/grf.rf/gntv_or_sync_fifo.gcx.clkx/wr_pntr_cdc_inst/dest_graysync_ff_reg[0][4]/D
  -------------------------------------------------------------------    -------------------

                         (clock clk_112_MMCM_112 rise edge)
                                                      0.000     0.000 r  
    F14                  IBUF                         0.000     0.000 r  IBUF_inst/O
                         net (fo=2, routed)           1.261     1.261    MMCM_GEN_112.U_MMCM_112/inst/CLK12MHZ
    MMCME2_ADV_X0Y2      MMCME2_ADV (Prop_mmcme2_adv_CLKIN1_CLKOUT0)
                                                      0.083     1.344 r  MMCM_GEN_112.U_MMCM_112/inst/mmcm_adv_inst/CLKOUT0
                         net (fo=1, routed)           1.874     3.218    MMCM_GEN_112.U_MMCM_112/inst/clk_112_MMCM_112
    BUFGCTRL_X0Y17       BUFG (Prop_bufg_I_O)         0.091     3.309 r  MMCM_GEN_112.U_MMCM_112/inst/clkout1_buf/O
                         net (fo=415, routed)         1.431     4.740    U_Audio_Interface/U_FIFO_32bit_MISO/U0/inst_fifo_gen/gconvfifo.rf/grf.rf/gntv_or_sync_fifo.gcx.clkx/wr_pntr_cdc_inst/dest_clk
    SLICE_X32Y24         FDRE                                         r  U_Audio_Interface/U_FIFO_32bit_MISO/U0/inst_fifo_gen/gconvfifo.rf/grf.rf/gntv_or_sync_fifo.gcx.clkx/wr_pntr_cdc_inst/dest_graysync_ff_reg[0][4]/C
                         clock pessimism              0.000     4.740    
    SLICE_X32Y24         FDRE (Setup_fdre_C_D)       -0.095     4.646    U_Audio_Interface/U_FIFO_32bit_MISO/U0/inst_fifo_gen/gconvfifo.rf/grf.rf/gntv_or_sync_fifo.gcx.clkx/wr_pntr_cdc_inst/dest_graysync_ff_reg[0][4]
  -------------------------------------------------------------------
                         data arrival                          -1.105    
                         clock arrival                          4.646    
  -------------------------------------------------------------------
                         relative delay                        -5.750    

Reference path:
    Location             Delay type                Incr(ns)  Path(ns)    Netlist Resource(s)
  -------------------------------------------------------------------    -------------------
                         (clock clk_216_MMCM rise edge)
                                                      0.000     0.000 r  
    F14                  IBUF                         0.000     0.000 r  IBUF_inst/O
                         net (fo=2, routed)           1.162     1.162    MMCM_GEN.U_MMCM/inst/CLK12MHZ
    MMCME2_ADV_X0Y1      MMCME2_ADV (Prop_mmcme2_adv_CLKIN1_CLKOUT0)
                                                     -7.208    -6.046 r  MMCM_GEN.U_MMCM/inst/mmcm_adv_inst/CLKOUT0
                         net (fo=1, routed)           1.587    -4.459    MMCM_GEN.U_MMCM/inst/clk_216_MMCM
    BUFGCTRL_X0Y16       BUFG (Prop_bufg_I_O)         0.091    -4.368 r  MMCM_GEN.U_MMCM/inst/clkout1_buf/O
                         net (fo=6432, routed)        1.433    -2.934    U_Audio_Interface/U_FIFO_32bit_MISO/U0/inst_fifo_gen/gconvfifo.rf/grf.rf/gntv_or_sync_fifo.gcx.clkx/wr_pntr_cdc_inst/src_clk
    SLICE_X37Y26         FDRE                                         r  U_Audio_Interface/U_FIFO_32bit_MISO/U0/inst_fifo_gen/gconvfifo.rf/grf.rf/gntv_or_sync_fifo.gcx.clkx/wr_pntr_cdc_inst/src_gray_ff_reg[1]/C
  -------------------------------------------------------------------    -------------------
    SLICE_X37Y26         FDRE (Prop_fdre_C_Q)         0.337    -2.597 r  U_Audio_Interface/U_FIFO_32bit_MISO/U0/inst_fifo_gen/gconvfifo.rf/grf.rf/gntv_or_sync_fifo.gcx.clkx/wr_pntr_cdc_inst/src_gray_ff_reg[1]/Q
                         net (fo=1, routed)           0.475    -2.123    U_Audio_Interface/U_FIFO_32bit_MISO/U0/inst_fifo_gen/gconvfifo.rf/grf.rf/gntv_or_sync_fifo.gcx.clkx/wr_pntr_cdc_inst/async_path[1]
    SLICE_X37Y25         FDRE                                         r  U_Audio_Interface/U_FIFO_32bit_MISO/U0/inst_fifo_gen/gconvfifo.rf/grf.rf/gntv_or_sync_fifo.gcx.clkx/wr_pntr_cdc_inst/dest_graysync_ff_reg[0][1]/D
  -------------------------------------------------------------------    -------------------

                         (clock clk_112_MMCM_112 rise edge)
                                                      0.000     0.000 r  
    F14                  IBUF                         0.000     0.000 r  IBUF_inst/O
                         net (fo=2, routed)           1.336     1.336    MMCM_GEN_112.U_MMCM_112/inst/CLK12MHZ
    MMCME2_ADV_X0Y2      MMCME2_ADV (Prop_mmcme2_adv_CLKIN1_CLKOUT0)
                                                      0.088     1.424 r  MMCM_GEN_112.U_MMCM_112/inst/mmcm_adv_inst/CLKOUT0
                         net (fo=1, routed)           1.968     3.392    MMCM_GEN_112.U_MMCM_112/inst/clk_112_MMCM_112
    BUFGCTRL_X0Y17       BUFG (Prop_bufg_I_O)         0.096     3.488 r  MMCM_GEN_112.U_MMCM_112/inst/clkout1_buf/O
                         net (fo=415, routed)         1.547     5.036    U_Audio_Interface/U_FIFO_32bit_MISO/U0/inst_fifo_gen/gconvfifo.rf/grf.rf/gntv_or_sync_fifo.gcx.clkx/wr_pntr_cdc_inst/dest_clk
    SLICE_X37Y25         FDRE                                         r  U_Audio_Interface/U_FIFO_32bit_MISO/U0/inst_fifo_gen/gconvfifo.rf/grf.rf/gntv_or_sync_fifo.gcx.clkx/wr_pntr_cdc_inst/dest_graysync_ff_reg[0][1]/C
                         clock pessimism              0.000     5.036    
    SLICE_X37Y25         FDRE (Hold_fdre_C_D)         0.028     5.064    U_Audio_Interface/U_FIFO_32bit_MISO/U0/inst_fifo_gen/gconvfifo.rf/grf.rf/gntv_or_sync_fifo.gcx.clkx/wr_pntr_cdc_inst/dest_graysync_ff_reg[0][1]
  -------------------------------------------------------------------
                         data arrival                          -2.123    
                         clock arrival                          5.064    
  -------------------------------------------------------------------
                         relative delay                        -7.187    



Id: 4
set_bus_skew -from [get_cells [list {U_Audio_Interface/U_FIFO_32bit_MOSI/U0/inst_fifo_gen/gconvfifo.rf/grf.rf/gntv_or_sync_fifo.gcx.clkx/wr_pntr_cdc_inst/src_gray_ff_reg[0]} {U_Audio_Interface/U_FIFO_32bit_MOSI/U0/inst_fifo_gen/gconvfifo.rf/grf.rf/gntv_or_sync_fifo.gcx.clkx/wr_pntr_cdc_inst/src_gray_ff_reg[1]} {U_Audio_Interface/U_FIFO_32bit_MOSI/U0/inst_fifo_gen/gconvfifo.rf/grf.rf/gntv_or_sync_fifo.gcx.clkx/wr_pntr_cdc_inst/src_gray_ff_reg[2]} {U_Audio_Interface/U_FIFO_32bit_MOSI/U0/inst_fifo_gen/gconvfifo.rf/grf.rf/gntv_or_sync_fifo.gcx.clkx/wr_pntr_cdc_inst/src_gray_ff_reg[3]} {U_Audio_Interface/U_FIFO_32bit_MOSI/U0/inst_fifo_gen/gconvfifo.rf/grf.rf/gntv_or_sync_fifo.gcx.clkx/wr_pntr_cdc_inst/src_gray_ff_reg[4]}]] -to [get_cells [list {U_Audio_Interface/U_FIFO_32bit_MOSI/U0/inst_fifo_gen/gconvfifo.rf/grf.rf/gntv_or_sync_fifo.gcx.clkx/wr_pntr_cdc_inst/dest_graysync_ff_reg[0][0]} {U_Audio_Interface/U_FIFO_32bit_MOSI/U0/inst_fifo_gen/gconvfifo.rf/grf.rf/gntv_or_sync_fifo.gcx.clkx/wr_pntr_cdc_inst/dest_graysync_ff_reg[0][1]} {U_Audio_Interface/U_FIFO_32bit_MOSI/U0/inst_fifo_gen/gconvfifo.rf/grf.rf/gntv_or_sync_fifo.gcx.clkx/wr_pntr_cdc_inst/dest_graysync_ff_reg[0][2]} {U_Audio_Interface/U_FIFO_32bit_MOSI/U0/inst_fifo_gen/gconvfifo.rf/grf.rf/gntv_or_sync_fifo.gcx.clkx/wr_pntr_cdc_inst/dest_graysync_ff_reg[0][3]} {U_Audio_Interface/U_FIFO_32bit_MOSI/U0/inst_fifo_gen/gconvfifo.rf/grf.rf/gntv_or_sync_fifo.gcx.clkx/wr_pntr_cdc_inst/dest_graysync_ff_reg[0][4]}]] 4.630
Requirement: 4.630ns
Endpoints: 5

From Clock            To Clock              Endpoint Pin                    Reference Pin                   Corner  Actual(ns)  Slack(ns)
--------------------  --------------------  ------------------------------  ------------------------------  ------  ----------  ---------
clk_112_MMCM_112      clk_216_MMCM          U_Audio_Interface/U_FIFO_32bit_MOSI/U0/inst_fifo_gen/gconvfifo.rf/grf.rf/gntv_or_sync_fifo.gcx.clkx/wr_pntr_cdc_inst/dest_graysync_ff_reg[0][1]/D
                                                                            U_Audio_Interface/U_FIFO_32bit_MOSI/U0/inst_fifo_gen/gconvfifo.rf/grf.rf/gntv_or_sync_fifo.gcx.clkx/wr_pntr_cdc_inst/dest_graysync_ff_reg[0][3]/D
                                                                                                            Slow         2.224      2.406


Slack (MET) :             2.406ns  (requirement - actual skew)
  Endpoint Source:        U_Audio_Interface/U_FIFO_32bit_MOSI/U0/inst_fifo_gen/gconvfifo.rf/grf.rf/gntv_or_sync_fifo.gcx.clkx/wr_pntr_cdc_inst/src_gray_ff_reg[1]/C
                            (rising edge-triggered cell FDRE clocked by clk_112_MMCM_112)
  Endpoint Destination:   U_Audio_Interface/U_FIFO_32bit_MOSI/U0/inst_fifo_gen/gconvfifo.rf/grf.rf/gntv_or_sync_fifo.gcx.clkx/wr_pntr_cdc_inst/dest_graysync_ff_reg[0][1]/D
                            (rising edge-triggered cell FDRE clocked by clk_216_MMCM)
  Reference Source:       U_Audio_Interface/U_FIFO_32bit_MOSI/U0/inst_fifo_gen/gconvfifo.rf/grf.rf/gntv_or_sync_fifo.gcx.clkx/wr_pntr_cdc_inst/src_gray_ff_reg[3]/C
                            (rising edge-triggered cell FDRE clocked by clk_112_MMCM_112)
  Reference Destination:  U_Audio_Interface/U_FIFO_32bit_MOSI/U0/inst_fifo_gen/gconvfifo.rf/grf.rf/gntv_or_sync_fifo.gcx.clkx/wr_pntr_cdc_inst/dest_graysync_ff_reg[0][3]/D
                            (rising edge-triggered cell FDRE clocked by clk_216_MMCM)
  Path Type:              Bus Skew (Max at Slow Process Corner)
  Requirement:            4.630ns
  Endpoint Relative Delay:    9.413ns
  Reference Relative Delay:   7.824ns
  Relative CRPR:              0.778ns
  Uncertainty:                1.413ns
  Actual Bus Skew:            2.224ns  (Endpoint Relative Delay - Reference Relative Delay - Relative CRPR + Uncertainty)

Endpoint path:
    Location             Delay type                Incr(ns)  Path(ns)    Netlist Resource(s)
  -------------------------------------------------------------------    -------------------
                         (clock clk_112_MMCM_112 rise edge)
                                                      0.000     0.000 r  
    F14                  IBUF                         0.000     0.000 r  IBUF_inst/O
                         net (fo=2, routed)           1.336     1.336    MMCM_GEN_112.U_MMCM_112/inst/CLK12MHZ
    MMCME2_ADV_X0Y2      MMCME2_ADV (Prop_mmcme2_adv_CLKIN1_CLKOUT0)
                                                      0.088     1.424 r  MMCM_GEN_112.U_MMCM_112/inst/mmcm_adv_inst/CLKOUT0
                         net (fo=1, routed)           1.968     3.392    MMCM_GEN_112.U_MMCM_112/inst/clk_112_MMCM_112
    BUFGCTRL_X0Y17       BUFG (Prop_bufg_I_O)         0.096     3.488 r  MMCM_GEN_112.U_MMCM_112/inst/clkout1_buf/O
                         net (fo=415, routed)         1.561     5.050    U_Audio_Interface/U_FIFO_32bit_MOSI/U0/inst_fifo_gen/gconvfifo.rf/grf.rf/gntv_or_sync_fifo.gcx.clkx/wr_pntr_cdc_inst/src_clk
    SLICE_X48Y31         FDRE                                         r  U_Audio_Interface/U_FIFO_32bit_MOSI/U0/inst_fifo_gen/gconvfifo.rf/grf.rf/gntv_or_sync_fifo.gcx.clkx/wr_pntr_cdc_inst/src_gray_ff_reg[1]/C
  -------------------------------------------------------------------    -------------------
    SLICE_X48Y31         FDRE (Prop_fdre_C_Q)         0.419     5.469 r  U_Audio_Interface/U_FIFO_32bit_MOSI/U0/inst_fifo_gen/gconvfifo.rf/grf.rf/gntv_or_sync_fifo.gcx.clkx/wr_pntr_cdc_inst/src_gray_ff_reg[1]/Q
                         net (fo=1, routed)           0.751     6.220    U_Audio_Interface/U_FIFO_32bit_MOSI/U0/inst_fifo_gen/gconvfifo.rf/grf.rf/gntv_or_sync_fifo.gcx.clkx/wr_pntr_cdc_inst/async_path[1]
    SLICE_X49Y31         FDRE                                         r  U_Audio_Interface/U_FIFO_32bit_MOSI/U0/inst_fifo_gen/gconvfifo.rf/grf.rf/gntv_or_sync_fifo.gcx.clkx/wr_pntr_cdc_inst/dest_graysync_ff_reg[0][1]/D
  -------------------------------------------------------------------    -------------------

                         (clock clk_216_MMCM rise edge)
                                                      0.000     0.000 r  
    F14                  IBUF                         0.000     0.000 r  IBUF_inst/O
                         net (fo=2, routed)           1.162     1.162    MMCM_GEN.U_MMCM/inst/CLK12MHZ
    MMCME2_ADV_X0Y1      MMCME2_ADV (Prop_mmcme2_adv_CLKIN1_CLKOUT0)
                                                     -7.208    -6.046 r  MMCM_GEN.U_MMCM/inst/mmcm_adv_inst/CLKOUT0
                         net (fo=1, routed)           1.587    -4.459    MMCM_GEN.U_MMCM/inst/clk_216_MMCM
    BUFGCTRL_X0Y16       BUFG (Prop_bufg_I_O)         0.091    -4.368 r  MMCM_GEN.U_MMCM/inst/clkout1_buf/O
                         net (fo=6432, routed)        1.444    -2.923    U_Audio_Interface/U_FIFO_32bit_MOSI/U0/inst_fifo_gen/gconvfifo.rf/grf.rf/gntv_or_sync_fifo.gcx.clkx/wr_pntr_cdc_inst/dest_clk
    SLICE_X49Y31         FDRE                                         r  U_Audio_Interface/U_FIFO_32bit_MOSI/U0/inst_fifo_gen/gconvfifo.rf/grf.rf/gntv_or_sync_fifo.gcx.clkx/wr_pntr_cdc_inst/dest_graysync_ff_reg[0][1]/C
                         clock pessimism              0.000    -2.923    
    SLICE_X49Y31         FDRE (Setup_fdre_C_D)       -0.270    -3.193    U_Audio_Interface/U_FIFO_32bit_MOSI/U0/inst_fifo_gen/gconvfifo.rf/grf.rf/gntv_or_sync_fifo.gcx.clkx/wr_pntr_cdc_inst/dest_graysync_ff_reg[0][1]
  -------------------------------------------------------------------
                         data arrival                           6.220    
                         clock arrival                         -3.193    
  -------------------------------------------------------------------
                         relative delay                         9.413    

Reference path:
    Location             Delay type                Incr(ns)  Path(ns)    Netlist Resource(s)
  -------------------------------------------------------------------    -------------------
                         (clock clk_112_MMCM_112 rise edge)
                                                      0.000     0.000 r  
    F14                  IBUF                         0.000     0.000 r  IBUF_inst/O
                         net (fo=2, routed)           1.261     1.261    MMCM_GEN_112.U_MMCM_112/inst/CLK12MHZ
    MMCME2_ADV_X0Y2      MMCME2_ADV (Prop_mmcme2_adv_CLKIN1_CLKOUT0)
                                                      0.083     1.344 r  MMCM_GEN_112.U_MMCM_112/inst/mmcm_adv_inst/CLKOUT0
                         net (fo=1, routed)           1.874     3.218    MMCM_GEN_112.U_MMCM_112/inst/clk_112_MMCM_112
    BUFGCTRL_X0Y17       BUFG (Prop_bufg_I_O)         0.091     3.309 r  MMCM_GEN_112.U_MMCM_112/inst/clkout1_buf/O
                         net (fo=415, routed)         1.449     4.759    U_Audio_Interface/U_FIFO_32bit_MOSI/U0/inst_fifo_gen/gconvfifo.rf/grf.rf/gntv_or_sync_fifo.gcx.clkx/wr_pntr_cdc_inst/src_clk
    SLICE_X48Y36         FDRE                                         r  U_Audio_Interface/U_FIFO_32bit_MOSI/U0/inst_fifo_gen/gconvfifo.rf/grf.rf/gntv_or_sync_fifo.gcx.clkx/wr_pntr_cdc_inst/src_gray_ff_reg[3]/C
  -------------------------------------------------------------------    -------------------
    SLICE_X48Y36         FDRE (Prop_fdre_C_Q)         0.337     5.095 r  U_Audio_Interface/U_FIFO_32bit_MOSI/U0/inst_fifo_gen/gconvfifo.rf/grf.rf/gntv_or_sync_fifo.gcx.clkx/wr_pntr_cdc_inst/src_gray_ff_reg[3]/Q
                         net (fo=1, routed)           0.369     5.464    U_Audio_Interface/U_FIFO_32bit_MOSI/U0/inst_fifo_gen/gconvfifo.rf/grf.rf/gntv_or_sync_fifo.gcx.clkx/wr_pntr_cdc_inst/async_path[3]
    SLICE_X49Y35         FDRE                                         r  U_Audio_Interface/U_FIFO_32bit_MOSI/U0/inst_fifo_gen/gconvfifo.rf/grf.rf/gntv_or_sync_fifo.gcx.clkx/wr_pntr_cdc_inst/dest_graysync_ff_reg[0][3]/D
  -------------------------------------------------------------------    -------------------

                         (clock clk_216_MMCM rise edge)
                                                      0.000     0.000 r  
    F14                  IBUF                         0.000     0.000 r  IBUF_inst/O
                         net (fo=2, routed)           1.233     1.233    MMCM_GEN.U_MMCM/inst/CLK12MHZ
    MMCME2_ADV_X0Y1      MMCME2_ADV (Prop_mmcme2_adv_CLKIN1_CLKOUT0)
                                                     -6.950    -5.717 r  MMCM_GEN.U_MMCM/inst/mmcm_adv_inst/CLKOUT0
                         net (fo=1, routed)           1.666    -4.051    MMCM_GEN.U_MMCM/inst/clk_216_MMCM
    BUFGCTRL_X0Y16       BUFG (Prop_bufg_I_O)         0.096    -3.955 r  MMCM_GEN.U_MMCM/inst/clkout1_buf/O
                         net (fo=6432, routed)        1.567    -2.388    U_Audio_Interface/U_FIFO_32bit_MOSI/U0/inst_fifo_gen/gconvfifo.rf/grf.rf/gntv_or_sync_fifo.gcx.clkx/wr_pntr_cdc_inst/dest_clk
    SLICE_X49Y35         FDRE                                         r  U_Audio_Interface/U_FIFO_32bit_MOSI/U0/inst_fifo_gen/gconvfifo.rf/grf.rf/gntv_or_sync_fifo.gcx.clkx/wr_pntr_cdc_inst/dest_graysync_ff_reg[0][3]/C
                         clock pessimism              0.000    -2.388    
    SLICE_X49Y35         FDRE (Hold_fdre_C_D)         0.028    -2.359    U_Audio_Interface/U_FIFO_32bit_MOSI/U0/inst_fifo_gen/gconvfifo.rf/grf.rf/gntv_or_sync_fifo.gcx.clkx/wr_pntr_cdc_inst/dest_graysync_ff_reg[0][3]
  -------------------------------------------------------------------
                         data arrival                           5.464    
                         clock arrival                         -2.359    
  -------------------------------------------------------------------
                         relative delay                         7.824    



