
*** Running vivado
    with args -log VGA_interface_bottom.vds -m64 -product Vivado -mode batch -messageDb vivado.pb -notrace -source VGA_interface_bottom.tcl


****** Vivado v2018.3 (64-bit)
  **** SW Build 2405991 on Thu Dec  6 23:38:27 MST 2018
  **** IP Build 2404404 on Fri Dec  7 01:43:56 MST 2018
    ** Copyright 1986-2018 Xilinx, Inc. All Rights Reserved.

INFO: [Common 17-1460] Use of init.tcl in C:/Users/hhartmann/AppData/Roaming/Xilinx/Vivado/init.tcl is deprecated. Please use Vivado_init.tcl 
Sourcing tcl script 'C:/Users/hhartmann/AppData/Roaming/Xilinx/Vivado/init.tcl'
source VGA_interface_bottom.tcl -notrace
Command: synth_design -top VGA_interface_bottom -part xc7s50csga324-1 -mode out_of_context
Starting synth_design
Attempting to get a license for feature 'Synthesis' and/or device 'xc7s50'
INFO: [Common 17-349] Got license for feature 'Synthesis' and/or device 'xc7s50'
INFO: Launching helper process for spawning children vivado processes
INFO: Helper process launched with PID 8684 
---------------------------------------------------------------------------------
Starting RTL Elaboration : Time (s): cpu = 00:00:14 ; elapsed = 00:00:18 . Memory (MB): peak = 419.695 ; gain = 104.707
---------------------------------------------------------------------------------
INFO: [Synth 8-638] synthesizing module 'VGA_interface_bottom' [C:/Users/hhartmann/Documents/GitHub/WAV_Player/02_Source/VGA_interface_bottom.vhd:75]
	Parameter G_BEHAVIOURAL bound to: 0 - type: bool 
INFO: [Synth 8-3491] module 'BRAM_2048_8bit' declared at 'c:/Users/hhartmann/Documents/GitHub/WAV_Player/05_FPGA/Arty-S7/WAV_Player/WAV_Player.srcs/sources_1/ip/BRAM_2048_8bit/synth/BRAM_2048_8bit.vhd:59' bound to instance 'U_BRAM' of component 'BRAM_2048_8bit' [C:/Users/hhartmann/Documents/GitHub/WAV_Player/02_Source/VGA_interface_bottom.vhd:187]
INFO: [Synth 8-638] synthesizing module 'BRAM_2048_8bit' [c:/Users/hhartmann/Documents/GitHub/WAV_Player/05_FPGA/Arty-S7/WAV_Player/WAV_Player.srcs/sources_1/ip/BRAM_2048_8bit/synth/BRAM_2048_8bit.vhd:76]
	Parameter C_FAMILY bound to: spartan7 - type: string 
	Parameter C_XDEVICEFAMILY bound to: spartan7 - type: string 
	Parameter C_ELABORATION_DIR bound to: ./ - type: string 
	Parameter C_INTERFACE_TYPE bound to: 0 - type: integer 
	Parameter C_AXI_TYPE bound to: 1 - type: integer 
	Parameter C_AXI_SLAVE_TYPE bound to: 0 - type: integer 
	Parameter C_USE_BRAM_BLOCK bound to: 0 - type: integer 
	Parameter C_ENABLE_32BIT_ADDRESS bound to: 0 - type: integer 
	Parameter C_CTRL_ECC_ALGO bound to: NONE - type: string 
	Parameter C_HAS_AXI_ID bound to: 0 - type: integer 
	Parameter C_AXI_ID_WIDTH bound to: 4 - type: integer 
	Parameter C_MEM_TYPE bound to: 2 - type: integer 
	Parameter C_BYTE_SIZE bound to: 9 - type: integer 
	Parameter C_ALGORITHM bound to: 1 - type: integer 
	Parameter C_PRIM_TYPE bound to: 1 - type: integer 
	Parameter C_LOAD_INIT_FILE bound to: 0 - type: integer 
	Parameter C_INIT_FILE_NAME bound to: no_coe_file_loaded - type: string 
	Parameter C_INIT_FILE bound to: BRAM_2048_8bit.mem - type: string 
	Parameter C_USE_DEFAULT_DATA bound to: 0 - type: integer 
	Parameter C_DEFAULT_DATA bound to: 0 - type: string 
	Parameter C_HAS_RSTA bound to: 0 - type: integer 
	Parameter C_RST_PRIORITY_A bound to: CE - type: string 
	Parameter C_RSTRAM_A bound to: 0 - type: integer 
	Parameter C_INITA_VAL bound to: 0 - type: string 
	Parameter C_HAS_ENA bound to: 1 - type: integer 
	Parameter C_HAS_REGCEA bound to: 0 - type: integer 
	Parameter C_USE_BYTE_WEA bound to: 0 - type: integer 
	Parameter C_WEA_WIDTH bound to: 1 - type: integer 
	Parameter C_WRITE_MODE_A bound to: WRITE_FIRST - type: string 
	Parameter C_WRITE_WIDTH_A bound to: 8 - type: integer 
	Parameter C_READ_WIDTH_A bound to: 8 - type: integer 
	Parameter C_WRITE_DEPTH_A bound to: 2048 - type: integer 
	Parameter C_READ_DEPTH_A bound to: 2048 - type: integer 
	Parameter C_ADDRA_WIDTH bound to: 11 - type: integer 
	Parameter C_HAS_RSTB bound to: 0 - type: integer 
	Parameter C_RST_PRIORITY_B bound to: CE - type: string 
	Parameter C_RSTRAM_B bound to: 0 - type: integer 
	Parameter C_INITB_VAL bound to: 0 - type: string 
	Parameter C_HAS_ENB bound to: 1 - type: integer 
	Parameter C_HAS_REGCEB bound to: 0 - type: integer 
	Parameter C_USE_BYTE_WEB bound to: 0 - type: integer 
	Parameter C_WEB_WIDTH bound to: 1 - type: integer 
	Parameter C_WRITE_MODE_B bound to: WRITE_FIRST - type: string 
	Parameter C_WRITE_WIDTH_B bound to: 8 - type: integer 
	Parameter C_READ_WIDTH_B bound to: 8 - type: integer 
	Parameter C_WRITE_DEPTH_B bound to: 2048 - type: integer 
	Parameter C_READ_DEPTH_B bound to: 2048 - type: integer 
	Parameter C_ADDRB_WIDTH bound to: 11 - type: integer 
	Parameter C_HAS_MEM_OUTPUT_REGS_A bound to: 0 - type: integer 
	Parameter C_HAS_MEM_OUTPUT_REGS_B bound to: 0 - type: integer 
	Parameter C_HAS_MUX_OUTPUT_REGS_A bound to: 0 - type: integer 
	Parameter C_HAS_MUX_OUTPUT_REGS_B bound to: 0 - type: integer 
	Parameter C_MUX_PIPELINE_STAGES bound to: 0 - type: integer 
	Parameter C_HAS_SOFTECC_INPUT_REGS_A bound to: 0 - type: integer 
	Parameter C_HAS_SOFTECC_OUTPUT_REGS_B bound to: 0 - type: integer 
	Parameter C_USE_SOFTECC bound to: 0 - type: integer 
	Parameter C_USE_ECC bound to: 0 - type: integer 
	Parameter C_EN_ECC_PIPE bound to: 0 - type: integer 
	Parameter C_READ_LATENCY_A bound to: 1 - type: integer 
	Parameter C_READ_LATENCY_B bound to: 1 - type: integer 
	Parameter C_HAS_INJECTERR bound to: 0 - type: integer 
	Parameter C_SIM_COLLISION_CHECK bound to: ALL - type: string 
	Parameter C_COMMON_CLK bound to: 0 - type: integer 
	Parameter C_DISABLE_WARN_BHV_COLL bound to: 0 - type: integer 
	Parameter C_EN_SLEEP_PIN bound to: 0 - type: integer 
	Parameter C_USE_URAM bound to: 0 - type: integer 
	Parameter C_EN_RDADDRA_CHG bound to: 0 - type: integer 
	Parameter C_EN_RDADDRB_CHG bound to: 0 - type: integer 
	Parameter C_EN_DEEPSLEEP_PIN bound to: 0 - type: integer 
	Parameter C_EN_SHUTDOWN_PIN bound to: 0 - type: integer 
	Parameter C_EN_SAFETY_CKT bound to: 0 - type: integer 
	Parameter C_DISABLE_WARN_BHV_RANGE bound to: 0 - type: integer 
	Parameter C_COUNT_36K_BRAM bound to: 0 - type: string 
	Parameter C_COUNT_18K_BRAM bound to: 1 - type: string 
	Parameter C_EST_POWER_SUMMARY bound to: Estimated Power for IP     :     2.6792 mW - type: string 
INFO: [Synth 8-3491] module 'blk_mem_gen_v8_4_2' declared at 'c:/Users/hhartmann/Documents/GitHub/WAV_Player/05_FPGA/Arty-S7/WAV_Player/WAV_Player.srcs/sources_1/ip/BRAM_2048_8bit/hdl/blk_mem_gen_v8_4_vhsyn_rfs.vhd:195321' bound to instance 'U0' of component 'blk_mem_gen_v8_4_2' [c:/Users/hhartmann/Documents/GitHub/WAV_Player/05_FPGA/Arty-S7/WAV_Player/WAV_Player.srcs/sources_1/ip/BRAM_2048_8bit/synth/BRAM_2048_8bit.vhd:249]
INFO: [Synth 8-256] done synthesizing module 'BRAM_2048_8bit' (9#1) [c:/Users/hhartmann/Documents/GitHub/WAV_Player/05_FPGA/Arty-S7/WAV_Player/WAV_Player.srcs/sources_1/ip/BRAM_2048_8bit/synth/BRAM_2048_8bit.vhd:76]
INFO: [Synth 8-226] default block is never used [C:/Users/hhartmann/Documents/GitHub/WAV_Player/02_Source/VGA_interface_bottom.vhd:446]
INFO: [Synth 8-256] done synthesizing module 'VGA_interface_bottom' (10#1) [C:/Users/hhartmann/Documents/GitHub/WAV_Player/02_Source/VGA_interface_bottom.vhd:75]
---------------------------------------------------------------------------------
Finished RTL Elaboration : Time (s): cpu = 00:01:54 ; elapsed = 00:02:09 . Memory (MB): peak = 667.781 ; gain = 352.793
---------------------------------------------------------------------------------

Report Check Netlist: 
+------+------------------+-------+---------+-------+------------------+
|      |Item              |Errors |Warnings |Status |Description       |
+------+------------------+-------+---------+-------+------------------+
|1     |multi_driven_nets |      0|        0|Passed |Multi driven nets |
+------+------------------+-------+---------+-------+------------------+
---------------------------------------------------------------------------------
Start Handling Custom Attributes
---------------------------------------------------------------------------------
---------------------------------------------------------------------------------
Finished Handling Custom Attributes : Time (s): cpu = 00:01:55 ; elapsed = 00:02:10 . Memory (MB): peak = 667.781 ; gain = 352.793
---------------------------------------------------------------------------------
---------------------------------------------------------------------------------
Finished RTL Optimization Phase 1 : Time (s): cpu = 00:01:55 ; elapsed = 00:02:10 . Memory (MB): peak = 667.781 ; gain = 352.793
---------------------------------------------------------------------------------
INFO: [Netlist 29-17] Analyzing 1 Unisim elements for replacement
INFO: [Netlist 29-28] Unisim Transformation completed in 0 CPU seconds
INFO: [Device 21-403] Loading part xc7s50csga324-1
INFO: [Project 1-570] Preparing netlist for logic optimization

Processing XDC Constraints
Initializing timing engine
Parsing XDC File [C:/Users/hhartmann/Documents/GitHub/WAV_Player/05_FPGA/Arty-S7/WAV_Player/WAV_Player.srcs/VGA_interface_bottom/new/VGA_interface_bottom_ooc.xdc]
Finished Parsing XDC File [C:/Users/hhartmann/Documents/GitHub/WAV_Player/05_FPGA/Arty-S7/WAV_Player/WAV_Player.srcs/VGA_interface_bottom/new/VGA_interface_bottom_ooc.xdc]
Parsing XDC File [C:/Users/hhartmann/Documents/GitHub/WAV_Player/05_FPGA/Arty-S7/WAV_Player/WAV_Player.runs/VGA_interface_bottom_synth_1/dont_touch.xdc]
Finished Parsing XDC File [C:/Users/hhartmann/Documents/GitHub/WAV_Player/05_FPGA/Arty-S7/WAV_Player/WAV_Player.runs/VGA_interface_bottom_synth_1/dont_touch.xdc]
Completed Processing XDC Constraints

Netlist sorting complete. Time (s): cpu = 00:00:00 ; elapsed = 00:00:00.001 . Memory (MB): peak = 789.633 ; gain = 0.000
INFO: [Project 1-111] Unisim Transformation Summary:
No Unisim elements were transformed.

Netlist sorting complete. Time (s): cpu = 00:00:00 ; elapsed = 00:00:00.001 . Memory (MB): peak = 789.633 ; gain = 0.000
Constraint Validation Runtime : Time (s): cpu = 00:00:00 ; elapsed = 00:00:00.093 . Memory (MB): peak = 790.008 ; gain = 0.375
---------------------------------------------------------------------------------
Finished Constraint Validation : Time (s): cpu = 00:02:11 ; elapsed = 00:02:29 . Memory (MB): peak = 790.008 ; gain = 475.020
---------------------------------------------------------------------------------
---------------------------------------------------------------------------------
Start Loading Part and Timing Information
---------------------------------------------------------------------------------
Loading part: xc7s50csga324-1
---------------------------------------------------------------------------------
Finished Loading Part and Timing Information : Time (s): cpu = 00:02:11 ; elapsed = 00:02:29 . Memory (MB): peak = 790.008 ; gain = 475.020
---------------------------------------------------------------------------------
---------------------------------------------------------------------------------
Start Applying 'set_property' XDC Constraints
---------------------------------------------------------------------------------
Applied set_property DONT_TOUCH = true for \BRAM.U_BRAM . (constraint file  auto generated constraint, line ).
---------------------------------------------------------------------------------
Finished applying 'set_property' XDC Constraints : Time (s): cpu = 00:02:11 ; elapsed = 00:02:29 . Memory (MB): peak = 790.008 ; gain = 475.020
---------------------------------------------------------------------------------
INFO: [Synth 8-5544] ROM "h_min" won't be mapped to Block RAM because address size (3) smaller than threshold (5)
INFO: [Synth 8-5544] ROM "h_max" won't be mapped to Block RAM because address size (3) smaller than threshold (5)
---------------------------------------------------------------------------------
Finished RTL Optimization Phase 2 : Time (s): cpu = 00:02:12 ; elapsed = 00:02:31 . Memory (MB): peak = 790.008 ; gain = 475.020
---------------------------------------------------------------------------------

Report RTL Partitions: 
+-+--------------+------------+----------+
| |RTL Partition |Replication |Instances |
+-+--------------+------------+----------+
+-+--------------+------------+----------+
---------------------------------------------------------------------------------
Start RTL Component Statistics 
---------------------------------------------------------------------------------
Detailed RTL Component Info : 
+---Adders : 
	   2 Input     17 Bit       Adders := 1     
	   2 Input     16 Bit       Adders := 1     
	   2 Input     11 Bit       Adders := 4     
	   2 Input      8 Bit       Adders := 1     
+---Registers : 
	               40 Bit    Registers := 2     
	               16 Bit    Registers := 1     
	               11 Bit    Registers := 2     
	                8 Bit    Registers := 2     
	                5 Bit    Registers := 8     
	                1 Bit    Registers := 11    
+---Muxes : 
	   9 Input     12 Bit        Muxes := 1     
	   8 Input     11 Bit        Muxes := 2     
	   2 Input      1 Bit        Muxes := 36    
---------------------------------------------------------------------------------
Finished RTL Component Statistics 
---------------------------------------------------------------------------------
---------------------------------------------------------------------------------
Start RTL Hierarchical Component Statistics 
---------------------------------------------------------------------------------
Hierarchical RTL Component report 
Module VGA_interface_bottom 
Detailed RTL Component Info : 
+---Adders : 
	   2 Input     17 Bit       Adders := 1     
	   2 Input     16 Bit       Adders := 1     
	   2 Input     11 Bit       Adders := 4     
	   2 Input      8 Bit       Adders := 1     
+---Registers : 
	               40 Bit    Registers := 2     
	               16 Bit    Registers := 1     
	               11 Bit    Registers := 2     
	                8 Bit    Registers := 2     
	                5 Bit    Registers := 8     
	                1 Bit    Registers := 11    
+---Muxes : 
	   9 Input     12 Bit        Muxes := 1     
	   8 Input     11 Bit        Muxes := 2     
	   2 Input      1 Bit        Muxes := 36    
---------------------------------------------------------------------------------
Finished RTL Hierarchical Component Statistics
---------------------------------------------------------------------------------
---------------------------------------------------------------------------------
Start Part Resource Summary
---------------------------------------------------------------------------------
Part Resources:
DSPs: 120 (col length:60)
BRAMs: 150 (col length: RAMB18 60 RAMB36 30)
---------------------------------------------------------------------------------
Finished Part Resource Summary
---------------------------------------------------------------------------------
---------------------------------------------------------------------------------
Start Cross Boundary and Area Optimization
---------------------------------------------------------------------------------
Warning: Parallel synthesis criteria is not met 
---------------------------------------------------------------------------------
Finished Cross Boundary and Area Optimization : Time (s): cpu = 00:02:18 ; elapsed = 00:02:37 . Memory (MB): peak = 790.008 ; gain = 475.020
---------------------------------------------------------------------------------

Report RTL Partitions: 
+-+--------------+------------+----------+
| |RTL Partition |Replication |Instances |
+-+--------------+------------+----------+
+-+--------------+------------+----------+
---------------------------------------------------------------------------------
Start Applying XDC Timing Constraints
---------------------------------------------------------------------------------
---------------------------------------------------------------------------------
Finished Applying XDC Timing Constraints : Time (s): cpu = 00:02:38 ; elapsed = 00:02:59 . Memory (MB): peak = 795.375 ; gain = 480.387
---------------------------------------------------------------------------------
---------------------------------------------------------------------------------
Start Timing Optimization
---------------------------------------------------------------------------------
---------------------------------------------------------------------------------
Finished Timing Optimization : Time (s): cpu = 00:02:38 ; elapsed = 00:02:59 . Memory (MB): peak = 795.844 ; gain = 480.855
---------------------------------------------------------------------------------

Report RTL Partitions: 
+-+--------------+------------+----------+
| |RTL Partition |Replication |Instances |
+-+--------------+------------+----------+
+-+--------------+------------+----------+
---------------------------------------------------------------------------------
Start Technology Mapping
---------------------------------------------------------------------------------
---------------------------------------------------------------------------------
Finished Technology Mapping : Time (s): cpu = 00:02:39 ; elapsed = 00:03:00 . Memory (MB): peak = 811.910 ; gain = 496.922
---------------------------------------------------------------------------------

Report RTL Partitions: 
+-+--------------+------------+----------+
| |RTL Partition |Replication |Instances |
+-+--------------+------------+----------+
+-+--------------+------------+----------+
---------------------------------------------------------------------------------
Start IO Insertion
---------------------------------------------------------------------------------
---------------------------------------------------------------------------------
Start Flattening Before IO Insertion
---------------------------------------------------------------------------------
---------------------------------------------------------------------------------
Finished Flattening Before IO Insertion
---------------------------------------------------------------------------------
---------------------------------------------------------------------------------
Start Final Netlist Cleanup
---------------------------------------------------------------------------------
---------------------------------------------------------------------------------
Finished Final Netlist Cleanup
---------------------------------------------------------------------------------
---------------------------------------------------------------------------------
Finished IO Insertion : Time (s): cpu = 00:02:40 ; elapsed = 00:03:02 . Memory (MB): peak = 811.910 ; gain = 496.922
---------------------------------------------------------------------------------

Report Check Netlist: 
+------+------------------+-------+---------+-------+------------------+
|      |Item              |Errors |Warnings |Status |Description       |
+------+------------------+-------+---------+-------+------------------+
|1     |multi_driven_nets |      0|        0|Passed |Multi driven nets |
+------+------------------+-------+---------+-------+------------------+
---------------------------------------------------------------------------------
Start Renaming Generated Instances
---------------------------------------------------------------------------------
---------------------------------------------------------------------------------
Finished Renaming Generated Instances : Time (s): cpu = 00:02:40 ; elapsed = 00:03:02 . Memory (MB): peak = 811.910 ; gain = 496.922
---------------------------------------------------------------------------------

Report RTL Partitions: 
+-+--------------+------------+----------+
| |RTL Partition |Replication |Instances |
+-+--------------+------------+----------+
+-+--------------+------------+----------+
---------------------------------------------------------------------------------
Start Rebuilding User Hierarchy
---------------------------------------------------------------------------------
---------------------------------------------------------------------------------
Finished Rebuilding User Hierarchy : Time (s): cpu = 00:02:40 ; elapsed = 00:03:02 . Memory (MB): peak = 811.910 ; gain = 496.922
---------------------------------------------------------------------------------
---------------------------------------------------------------------------------
Start Renaming Generated Ports
---------------------------------------------------------------------------------
---------------------------------------------------------------------------------
Finished Renaming Generated Ports : Time (s): cpu = 00:02:40 ; elapsed = 00:03:02 . Memory (MB): peak = 811.910 ; gain = 496.922
---------------------------------------------------------------------------------
---------------------------------------------------------------------------------
Start Handling Custom Attributes
---------------------------------------------------------------------------------
---------------------------------------------------------------------------------
Finished Handling Custom Attributes : Time (s): cpu = 00:02:40 ; elapsed = 00:03:02 . Memory (MB): peak = 811.910 ; gain = 496.922
---------------------------------------------------------------------------------
---------------------------------------------------------------------------------
Start Renaming Generated Nets
---------------------------------------------------------------------------------
---------------------------------------------------------------------------------
Finished Renaming Generated Nets : Time (s): cpu = 00:02:40 ; elapsed = 00:03:02 . Memory (MB): peak = 811.910 ; gain = 496.922
---------------------------------------------------------------------------------
---------------------------------------------------------------------------------
Start Writing Synthesis Report
---------------------------------------------------------------------------------

Report BlackBoxes: 
+-+--------------+----------+
| |BlackBox name |Instances |
+-+--------------+----------+
+-+--------------+----------+

Report Cell Usage: 
+------+---------+------+
|      |Cell     |Count |
+------+---------+------+
|1     |CARRY4   |    73|
|2     |LUT1     |    20|
|3     |LUT2     |   196|
|4     |LUT3     |    69|
|5     |LUT4     |    89|
|6     |LUT5     |   105|
|7     |LUT6     |   149|
|8     |MUXF7    |     8|
|9     |RAMB18E1 |     1|
|10    |FDCE     |   182|
+------+---------+------+

Report Instance Areas: 
+------+-----------------------------------------------+-------------------------+------+
|      |Instance                                       |Module                   |Cells |
+------+-----------------------------------------------+-------------------------+------+
|1     |top                                            |                         |   892|
|2     |  \BRAM.U_BRAM                                 |BRAM_2048_8bit           |     1|
|3     |    U0                                         |blk_mem_gen_v8_4_2       |     1|
|4     |      inst_blk_mem_gen                         |blk_mem_gen_v8_4_2_synth |     1|
|5     |        \gnbram.gnativebmg.native_blk_mem_gen  |blk_mem_gen_top          |     1|
|6     |          \valid.cstr                          |blk_mem_gen_generic_cstr |     1|
|7     |            \ramloop[0].ram.r                  |blk_mem_gen_prim_width   |     1|
|8     |              \prim_noinit.ram                 |blk_mem_gen_prim_wrapper |     1|
+------+-----------------------------------------------+-------------------------+------+
---------------------------------------------------------------------------------
Finished Writing Synthesis Report : Time (s): cpu = 00:02:40 ; elapsed = 00:03:02 . Memory (MB): peak = 811.910 ; gain = 496.922
---------------------------------------------------------------------------------
Synthesis finished with 0 errors, 0 critical warnings and 224 warnings.
Synthesis Optimization Runtime : Time (s): cpu = 00:00:35 ; elapsed = 00:02:49 . Memory (MB): peak = 811.910 ; gain = 374.695
Synthesis Optimization Complete : Time (s): cpu = 00:02:41 ; elapsed = 00:03:02 . Memory (MB): peak = 811.910 ; gain = 496.922
INFO: [Project 1-571] Translating synthesized netlist
INFO: [Netlist 29-17] Analyzing 82 Unisim elements for replacement
INFO: [Netlist 29-28] Unisim Transformation completed in 0 CPU seconds
INFO: [Project 1-570] Preparing netlist for logic optimization
INFO: [Opt 31-138] Pushed 0 inverter(s) to 0 load pin(s).
Netlist sorting complete. Time (s): cpu = 00:00:00 ; elapsed = 00:00:00.001 . Memory (MB): peak = 818.539 ; gain = 0.000
INFO: [Project 1-111] Unisim Transformation Summary:
No Unisim elements were transformed.

INFO: [Common 17-83] Releasing license: Synthesis
22 Infos, 0 Warnings, 0 Critical Warnings and 0 Errors encountered.
synth_design completed successfully
synth_design: Time (s): cpu = 00:02:43 ; elapsed = 00:03:07 . Memory (MB): peak = 818.539 ; gain = 512.652
INFO: [Coretcl 2-1174] Renamed 7 cell refs.
Netlist sorting complete. Time (s): cpu = 00:00:00 ; elapsed = 00:00:00.001 . Memory (MB): peak = 818.539 ; gain = 0.000
INFO: [Common 17-1381] The checkpoint 'C:/Users/hhartmann/Documents/GitHub/WAV_Player/05_FPGA/Arty-S7/WAV_Player/WAV_Player.runs/VGA_interface_bottom_synth_1/VGA_interface_bottom.dcp' has been generated.
INFO: [runtcl-4] Executing : report_utilization -file VGA_interface_bottom_utilization_synth.rpt -pb VGA_interface_bottom_utilization_synth.pb
INFO: [Common 17-206] Exiting Vivado at Mon Jan  6 15:50:13 2020...
