#-----------------------------------------------------------
# Vivado v2018.3 (64-bit)
# SW Build 2405991 on Thu Dec  6 23:38:27 MST 2018
# IP Build 2404404 on Fri Dec  7 01:43:56 MST 2018
# Start of session at: Fri Nov 15 09:48:26 2019
# Process ID: 4016
# Current directory: C:/Users/hhartmann/Desktop/svn_fpga/trunk/01_Projects/WAV_Player/05_FPGA/Arty-S7/WAV_Player
# Command line: vivado.exe -gui_launcher_event rodinguilauncherevent6292 C:\Users\hhartmann\Desktop\svn_fpga\trunk\01_Projects\WAV_Player\05_FPGA\Arty-S7\WAV_Player\WAV_Player.xpr
# Log file: C:/Users/hhartmann/Desktop/svn_fpga/trunk/01_Projects/WAV_Player/05_FPGA/Arty-S7/WAV_Player/vivado.log
# Journal file: C:/Users/hhartmann/Desktop/svn_fpga/trunk/01_Projects/WAV_Player/05_FPGA/Arty-S7/WAV_Player\vivado.jou
#-----------------------------------------------------------
INFO: [Common 17-1460] Use of init.tcl in C:/Users/hhartmann/AppData/Roaming/Xilinx/Vivado/init.tcl is deprecated. Please use Vivado_init.tcl 
Sourcing tcl script 'C:/Users/hhartmann/AppData/Roaming/Xilinx/Vivado/init.tcl'
start_gui
open_project C:/Users/hhartmann/Desktop/svn_fpga/trunk/01_Projects/WAV_Player/05_FPGA/Arty-S7/WAV_Player/WAV_Player.xpr
INFO: [ProjectBase 1-489] The host OS only allows 260 characters in a normal path. The project is stored in a path with more than 80 characters. If you experience issues with IP, Block Designs, or files not being found, please consider moving the project to a location with a shorter path. Alternately consider using the OS subst command to map part of the path to a drive letter.
Current project path is 'C:/Users/hhartmann/Desktop/svn_fpga/trunk/01_Projects/WAV_Player/05_FPGA/Arty-S7/WAV_Player'
INFO: [Common 17-41] Interrupt caught. Command should exit soon.
INFO: [Common 17-344] 'open_project' was cancelled
exit
INFO: [Common 17-206] Exiting Vivado at Fri Nov 15 09:48:52 2019...
