
*** Running vivado
    with args -log NRM_Wrapper.vds -m64 -product Vivado -mode batch -messageDb vivado.pb -notrace -source NRM_Wrapper.tcl


****** Vivado v2018.3 (64-bit)
  **** SW Build 2405991 on Thu Dec  6 23:38:27 MST 2018
  **** IP Build 2404404 on Fri Dec  7 01:43:56 MST 2018
    ** Copyright 1986-2018 Xilinx, Inc. All Rights Reserved.

INFO: [Common 17-1460] Use of init.tcl in C:/Users/hhartmann/AppData/Roaming/Xilinx/Vivado/init.tcl is deprecated. Please use Vivado_init.tcl 
Sourcing tcl script 'C:/Users/hhartmann/AppData/Roaming/Xilinx/Vivado/init.tcl'
source NRM_Wrapper.tcl -notrace
Command: synth_design -top NRM_Wrapper -part xc7s50csga324-1 -mode out_of_context
Starting synth_design
Attempting to get a license for feature 'Synthesis' and/or device 'xc7s50'
INFO: [Common 17-349] Got license for feature 'Synthesis' and/or device 'xc7s50'
INFO: Launching helper process for spawning children vivado processes
INFO: Helper process launched with PID 7048 
---------------------------------------------------------------------------------
Starting RTL Elaboration : Time (s): cpu = 00:00:10 ; elapsed = 00:00:11 . Memory (MB): peak = 420.543 ; gain = 105.516
---------------------------------------------------------------------------------
INFO: [Synth 8-638] synthesizing module 'NRM_Wrapper' [C:/Users/hhartmann/Desktop/svn_fpga/trunk/01_Projects/WAV_Player/02_Source/NRM_Wrapper.vhd:65]
	Parameter G_BEHAVIOURAL bound to: 0 - type: bool 
	Parameter G_BEHAVIOURAL bound to: 0 - type: bool 
INFO: [Synth 8-3491] module 'NRM_RAM_Wrapper' declared at 'C:/Users/hhartmann/Desktop/svn_fpga/trunk/01_Projects/WAV_Player/02_Source/NRM_RAM_Wrapper.vhd:31' bound to instance 'U_NRM_RAM_Wrapper' of component 'NRM_RAM_Wrapper' [C:/Users/hhartmann/Desktop/svn_fpga/trunk/01_Projects/WAV_Player/02_Source/NRM_Wrapper.vhd:199]
INFO: [Synth 8-638] synthesizing module 'NRM_RAM_Wrapper' [C:/Users/hhartmann/Desktop/svn_fpga/trunk/01_Projects/WAV_Player/02_Source/NRM_RAM_Wrapper.vhd:67]
	Parameter G_BEHAVIOURAL bound to: 0 - type: bool 
INFO: [Synth 8-3491] module 'BRAM_512_32bit' declared at 'c:/Users/hhartmann/Desktop/svn_fpga/trunk/01_Projects/WAV_Player/05_FPGA/Arty-S7/WAV_Player/WAV_Player.srcs/sources_1/ip/BRAM_512_32bit/synth/BRAM_512_32bit.vhd:59' bound to instance 'U_RAM_NRM' of component 'BRAM_512_32bit' [C:/Users/hhartmann/Desktop/svn_fpga/trunk/01_Projects/WAV_Player/02_Source/NRM_RAM_Wrapper.vhd:109]
INFO: [Synth 8-638] synthesizing module 'BRAM_512_32bit' [c:/Users/hhartmann/Desktop/svn_fpga/trunk/01_Projects/WAV_Player/05_FPGA/Arty-S7/WAV_Player/WAV_Player.srcs/sources_1/ip/BRAM_512_32bit/synth/BRAM_512_32bit.vhd:74]
	Parameter C_FAMILY bound to: spartan7 - type: string 
	Parameter C_XDEVICEFAMILY bound to: spartan7 - type: string 
	Parameter C_ELABORATION_DIR bound to: ./ - type: string 
	Parameter C_INTERFACE_TYPE bound to: 0 - type: integer 
	Parameter C_AXI_TYPE bound to: 1 - type: integer 
	Parameter C_AXI_SLAVE_TYPE bound to: 0 - type: integer 
	Parameter C_USE_BRAM_BLOCK bound to: 0 - type: integer 
	Parameter C_ENABLE_32BIT_ADDRESS bound to: 0 - type: integer 
	Parameter C_CTRL_ECC_ALGO bound to: NONE - type: string 
	Parameter C_HAS_AXI_ID bound to: 0 - type: integer 
	Parameter C_AXI_ID_WIDTH bound to: 4 - type: integer 
	Parameter C_MEM_TYPE bound to: 2 - type: integer 
	Parameter C_BYTE_SIZE bound to: 9 - type: integer 
	Parameter C_ALGORITHM bound to: 1 - type: integer 
	Parameter C_PRIM_TYPE bound to: 1 - type: integer 
	Parameter C_LOAD_INIT_FILE bound to: 0 - type: integer 
	Parameter C_INIT_FILE_NAME bound to: no_coe_file_loaded - type: string 
	Parameter C_INIT_FILE bound to: BRAM_512_32bit.mem - type: string 
	Parameter C_USE_DEFAULT_DATA bound to: 0 - type: integer 
	Parameter C_DEFAULT_DATA bound to: 0 - type: string 
	Parameter C_HAS_RSTA bound to: 0 - type: integer 
	Parameter C_RST_PRIORITY_A bound to: CE - type: string 
	Parameter C_RSTRAM_A bound to: 0 - type: integer 
	Parameter C_INITA_VAL bound to: 0 - type: string 
	Parameter C_HAS_ENA bound to: 0 - type: integer 
	Parameter C_HAS_REGCEA bound to: 0 - type: integer 
	Parameter C_USE_BYTE_WEA bound to: 0 - type: integer 
	Parameter C_WEA_WIDTH bound to: 1 - type: integer 
	Parameter C_WRITE_MODE_A bound to: WRITE_FIRST - type: string 
	Parameter C_WRITE_WIDTH_A bound to: 32 - type: integer 
	Parameter C_READ_WIDTH_A bound to: 32 - type: integer 
	Parameter C_WRITE_DEPTH_A bound to: 512 - type: integer 
	Parameter C_READ_DEPTH_A bound to: 512 - type: integer 
	Parameter C_ADDRA_WIDTH bound to: 9 - type: integer 
	Parameter C_HAS_RSTB bound to: 0 - type: integer 
	Parameter C_RST_PRIORITY_B bound to: CE - type: string 
	Parameter C_RSTRAM_B bound to: 0 - type: integer 
	Parameter C_INITB_VAL bound to: 0 - type: string 
	Parameter C_HAS_ENB bound to: 0 - type: integer 
	Parameter C_HAS_REGCEB bound to: 0 - type: integer 
	Parameter C_USE_BYTE_WEB bound to: 0 - type: integer 
	Parameter C_WEB_WIDTH bound to: 1 - type: integer 
	Parameter C_WRITE_MODE_B bound to: WRITE_FIRST - type: string 
	Parameter C_WRITE_WIDTH_B bound to: 32 - type: integer 
	Parameter C_READ_WIDTH_B bound to: 32 - type: integer 
	Parameter C_WRITE_DEPTH_B bound to: 512 - type: integer 
	Parameter C_READ_DEPTH_B bound to: 512 - type: integer 
	Parameter C_ADDRB_WIDTH bound to: 9 - type: integer 
	Parameter C_HAS_MEM_OUTPUT_REGS_A bound to: 0 - type: integer 
	Parameter C_HAS_MEM_OUTPUT_REGS_B bound to: 0 - type: integer 
	Parameter C_HAS_MUX_OUTPUT_REGS_A bound to: 0 - type: integer 
	Parameter C_HAS_MUX_OUTPUT_REGS_B bound to: 0 - type: integer 
	Parameter C_MUX_PIPELINE_STAGES bound to: 0 - type: integer 
	Parameter C_HAS_SOFTECC_INPUT_REGS_A bound to: 0 - type: integer 
	Parameter C_HAS_SOFTECC_OUTPUT_REGS_B bound to: 0 - type: integer 
	Parameter C_USE_SOFTECC bound to: 0 - type: integer 
	Parameter C_USE_ECC bound to: 0 - type: integer 
	Parameter C_EN_ECC_PIPE bound to: 0 - type: integer 
	Parameter C_READ_LATENCY_A bound to: 1 - type: integer 
	Parameter C_READ_LATENCY_B bound to: 1 - type: integer 
	Parameter C_HAS_INJECTERR bound to: 0 - type: integer 
	Parameter C_SIM_COLLISION_CHECK bound to: ALL - type: string 
	Parameter C_COMMON_CLK bound to: 0 - type: integer 
	Parameter C_DISABLE_WARN_BHV_COLL bound to: 0 - type: integer 
	Parameter C_EN_SLEEP_PIN bound to: 0 - type: integer 
	Parameter C_USE_URAM bound to: 0 - type: integer 
	Parameter C_EN_RDADDRA_CHG bound to: 0 - type: integer 
	Parameter C_EN_RDADDRB_CHG bound to: 0 - type: integer 
	Parameter C_EN_DEEPSLEEP_PIN bound to: 0 - type: integer 
	Parameter C_EN_SHUTDOWN_PIN bound to: 0 - type: integer 
	Parameter C_EN_SAFETY_CKT bound to: 0 - type: integer 
	Parameter C_DISABLE_WARN_BHV_RANGE bound to: 0 - type: integer 
	Parameter C_COUNT_36K_BRAM bound to: 1 - type: string 
	Parameter C_COUNT_18K_BRAM bound to: 0 - type: string 
	Parameter C_EST_POWER_SUMMARY bound to: Estimated Power for IP     :     5.9043 mW - type: string 
INFO: [Synth 8-3491] module 'blk_mem_gen_v8_4_2' declared at 'c:/Users/hhartmann/Desktop/svn_fpga/trunk/01_Projects/WAV_Player/05_FPGA/Arty-S7/WAV_Player/WAV_Player.srcs/sources_1/ip/BRAM_512_32bit/hdl/blk_mem_gen_v8_4_vhsyn_rfs.vhd:195321' bound to instance 'U0' of component 'blk_mem_gen_v8_4_2' [c:/Users/hhartmann/Desktop/svn_fpga/trunk/01_Projects/WAV_Player/05_FPGA/Arty-S7/WAV_Player/WAV_Player.srcs/sources_1/ip/BRAM_512_32bit/synth/BRAM_512_32bit.vhd:245]
INFO: [Synth 8-256] done synthesizing module 'BRAM_512_32bit' (9#1) [c:/Users/hhartmann/Desktop/svn_fpga/trunk/01_Projects/WAV_Player/05_FPGA/Arty-S7/WAV_Player/WAV_Player.srcs/sources_1/ip/BRAM_512_32bit/synth/BRAM_512_32bit.vhd:74]
INFO: [Synth 8-256] done synthesizing module 'NRM_RAM_Wrapper' (10#1) [C:/Users/hhartmann/Desktop/svn_fpga/trunk/01_Projects/WAV_Player/02_Source/NRM_RAM_Wrapper.vhd:67]
INFO: [Synth 8-3491] module 'NRM_FSM' declared at 'C:/Users/hhartmann/Desktop/svn_fpga/trunk/01_Projects/WAV_Player/02_Source/NRM_FSM.vhd:30' bound to instance 'U_NRM_FSM' of component 'NRM_FSM' [C:/Users/hhartmann/Desktop/svn_fpga/trunk/01_Projects/WAV_Player/02_Source/NRM_Wrapper.vhd:223]
INFO: [Synth 8-638] synthesizing module 'NRM_FSM' [C:/Users/hhartmann/Desktop/svn_fpga/trunk/01_Projects/WAV_Player/02_Source/NRM_FSM.vhd:53]
INFO: [Synth 8-256] done synthesizing module 'NRM_FSM' (11#1) [C:/Users/hhartmann/Desktop/svn_fpga/trunk/01_Projects/WAV_Player/02_Source/NRM_FSM.vhd:53]
	Parameter G_OPERAND_SIZE bound to: 16 - type: integer 
INFO: [Synth 8-3491] module 'NRM_Normalizer' declared at 'C:/Users/hhartmann/Desktop/svn_fpga/trunk/01_Projects/WAV_Player/02_Source/NRM_Normalizer.vhd:30' bound to instance 'U_NRM_Normalizer' of component 'NRM_Normalizer' [C:/Users/hhartmann/Desktop/svn_fpga/trunk/01_Projects/WAV_Player/02_Source/NRM_Wrapper.vhd:237]
INFO: [Synth 8-638] synthesizing module 'NRM_Normalizer' [C:/Users/hhartmann/Desktop/svn_fpga/trunk/01_Projects/WAV_Player/02_Source/NRM_Normalizer.vhd:57]
	Parameter G_OPERAND_SIZE bound to: 16 - type: integer 
	Parameter G_OPERAND_A_SIZE bound to: 16 - type: integer 
	Parameter G_OPERAND_B_SIZE bound to: 16 - type: integer 
	Parameter G_MULT_OUT_SIZE bound to: 32 - type: integer 
INFO: [Synth 8-3491] module 'Multiplier' declared at 'C:/Users/hhartmann/Desktop/svn_fpga/trunk/01_Projects/WAV_Player/02_Source/Multiplier.vhd:30' bound to instance 'U_Mult1' of component 'Multiplier' [C:/Users/hhartmann/Desktop/svn_fpga/trunk/01_Projects/WAV_Player/02_Source/NRM_Normalizer.vhd:135]
INFO: [Synth 8-638] synthesizing module 'Multiplier' [C:/Users/hhartmann/Desktop/svn_fpga/trunk/01_Projects/WAV_Player/02_Source/Multiplier.vhd:54]
	Parameter G_OPERAND_A_SIZE bound to: 16 - type: integer 
	Parameter G_OPERAND_B_SIZE bound to: 16 - type: integer 
	Parameter G_MULT_OUT_SIZE bound to: 32 - type: integer 
INFO: [Synth 8-256] done synthesizing module 'Multiplier' (12#1) [C:/Users/hhartmann/Desktop/svn_fpga/trunk/01_Projects/WAV_Player/02_Source/Multiplier.vhd:54]
	Parameter G_OPERAND_A_SIZE bound to: 16 - type: integer 
	Parameter G_OPERAND_B_SIZE bound to: 16 - type: integer 
	Parameter G_MULT_OUT_SIZE bound to: 32 - type: integer 
INFO: [Synth 8-3491] module 'Multiplier' declared at 'C:/Users/hhartmann/Desktop/svn_fpga/trunk/01_Projects/WAV_Player/02_Source/Multiplier.vhd:30' bound to instance 'U_Mult2' of component 'Multiplier' [C:/Users/hhartmann/Desktop/svn_fpga/trunk/01_Projects/WAV_Player/02_Source/NRM_Normalizer.vhd:151]
INFO: [Synth 8-3491] module 'NRM_SQRT' declared at 'c:/Users/hhartmann/Desktop/svn_fpga/trunk/01_Projects/WAV_Player/05_FPGA/Arty-S7/WAV_Player/WAV_Player.srcs/sources_1/ip/NRM_SQRT/synth/NRM_SQRT.vhd:59' bound to instance 'U_Sqrt' of component 'NRM_SQRT' [C:/Users/hhartmann/Desktop/svn_fpga/trunk/01_Projects/WAV_Player/02_Source/NRM_Normalizer.vhd:205]
INFO: [Synth 8-638] synthesizing module 'NRM_SQRT' [c:/Users/hhartmann/Desktop/svn_fpga/trunk/01_Projects/WAV_Player/05_FPGA/Arty-S7/WAV_Player/WAV_Player.srcs/sources_1/ip/NRM_SQRT/synth/NRM_SQRT.vhd:69]
	Parameter C_ARCHITECTURE bound to: 2 - type: integer 
	Parameter C_CORDIC_FUNCTION bound to: 6 - type: integer 
	Parameter C_COARSE_ROTATE bound to: 0 - type: integer 
	Parameter C_DATA_FORMAT bound to: 2 - type: integer 
	Parameter C_XDEVICEFAMILY bound to: spartan7 - type: string 
	Parameter C_HAS_ACLKEN bound to: 0 - type: integer 
	Parameter C_HAS_ACLK bound to: 1 - type: integer 
	Parameter C_HAS_S_AXIS_CARTESIAN bound to: 1 - type: integer 
	Parameter C_HAS_S_AXIS_PHASE bound to: 0 - type: integer 
	Parameter C_HAS_ARESETN bound to: 0 - type: integer 
	Parameter C_INPUT_WIDTH bound to: 32 - type: integer 
	Parameter C_ITERATIONS bound to: 0 - type: integer 
	Parameter C_OUTPUT_WIDTH bound to: 17 - type: integer 
	Parameter C_PHASE_FORMAT bound to: 0 - type: integer 
	Parameter C_PIPELINE_MODE bound to: -1 - type: integer 
	Parameter C_PRECISION bound to: 0 - type: integer 
	Parameter C_ROUND_MODE bound to: 3 - type: integer 
	Parameter C_SCALE_COMP bound to: 0 - type: integer 
	Parameter C_THROTTLE_SCHEME bound to: 3 - type: integer 
	Parameter C_TLAST_RESOLUTION bound to: 0 - type: integer 
	Parameter C_HAS_S_AXIS_PHASE_TUSER bound to: 0 - type: integer 
	Parameter C_HAS_S_AXIS_PHASE_TLAST bound to: 0 - type: integer 
	Parameter C_S_AXIS_PHASE_TDATA_WIDTH bound to: 32 - type: integer 
	Parameter C_S_AXIS_PHASE_TUSER_WIDTH bound to: 1 - type: integer 
	Parameter C_HAS_S_AXIS_CARTESIAN_TUSER bound to: 0 - type: integer 
	Parameter C_HAS_S_AXIS_CARTESIAN_TLAST bound to: 0 - type: integer 
	Parameter C_S_AXIS_CARTESIAN_TDATA_WIDTH bound to: 32 - type: integer 
	Parameter C_S_AXIS_CARTESIAN_TUSER_WIDTH bound to: 1 - type: integer 
	Parameter C_M_AXIS_DOUT_TDATA_WIDTH bound to: 24 - type: integer 
	Parameter C_M_AXIS_DOUT_TUSER_WIDTH bound to: 1 - type: integer 
INFO: [Synth 8-3491] module 'cordic_v6_0_14' declared at 'c:/Users/hhartmann/Desktop/svn_fpga/trunk/01_Projects/WAV_Player/05_FPGA/Arty-S7/WAV_Player/WAV_Player.srcs/sources_1/ip/NRM_SQRT/hdl/cordic_v6_0_vh_rfs.vhd:10135' bound to instance 'U0' of component 'cordic_v6_0_14' [c:/Users/hhartmann/Desktop/svn_fpga/trunk/01_Projects/WAV_Player/05_FPGA/Arty-S7/WAV_Player/WAV_Player.srcs/sources_1/ip/NRM_SQRT/synth/NRM_SQRT.vhd:144]
INFO: [Synth 8-256] done synthesizing module 'NRM_SQRT' (27#1) [c:/Users/hhartmann/Desktop/svn_fpga/trunk/01_Projects/WAV_Player/05_FPGA/Arty-S7/WAV_Player/WAV_Player.srcs/sources_1/ip/NRM_SQRT/synth/NRM_SQRT.vhd:69]
INFO: [Synth 8-256] done synthesizing module 'NRM_Normalizer' (28#1) [C:/Users/hhartmann/Desktop/svn_fpga/trunk/01_Projects/WAV_Player/02_Source/NRM_Normalizer.vhd:57]
INFO: [Synth 8-256] done synthesizing module 'NRM_Wrapper' (29#1) [C:/Users/hhartmann/Desktop/svn_fpga/trunk/01_Projects/WAV_Player/02_Source/NRM_Wrapper.vhd:65]
---------------------------------------------------------------------------------
Finished RTL Elaboration : Time (s): cpu = 00:01:40 ; elapsed = 00:01:43 . Memory (MB): peak = 793.336 ; gain = 478.309
---------------------------------------------------------------------------------

Report Check Netlist: 
+------+------------------+-------+---------+-------+------------------+
|      |Item              |Errors |Warnings |Status |Description       |
+------+------------------+-------+---------+-------+------------------+
|1     |multi_driven_nets |      0|        0|Passed |Multi driven nets |
+------+------------------+-------+---------+-------+------------------+
---------------------------------------------------------------------------------
Start Handling Custom Attributes
---------------------------------------------------------------------------------
---------------------------------------------------------------------------------
Finished Handling Custom Attributes : Time (s): cpu = 00:01:41 ; elapsed = 00:01:44 . Memory (MB): peak = 793.336 ; gain = 478.309
---------------------------------------------------------------------------------
---------------------------------------------------------------------------------
Finished RTL Optimization Phase 1 : Time (s): cpu = 00:01:41 ; elapsed = 00:01:44 . Memory (MB): peak = 793.336 ; gain = 478.309
---------------------------------------------------------------------------------
INFO: [Netlist 29-17] Analyzing 533 Unisim elements for replacement
INFO: [Netlist 29-28] Unisim Transformation completed in 0 CPU seconds
INFO: [Device 21-403] Loading part xc7s50csga324-1
INFO: [Project 1-570] Preparing netlist for logic optimization

Processing XDC Constraints
Initializing timing engine
Parsing XDC File [C:/Users/hhartmann/Desktop/svn_fpga/trunk/01_Projects/WAV_Player/02_Source/108_MHz.xdc]
Finished Parsing XDC File [C:/Users/hhartmann/Desktop/svn_fpga/trunk/01_Projects/WAV_Player/02_Source/108_MHz.xdc]
Parsing XDC File [C:/Users/hhartmann/Desktop/svn_fpga/trunk/01_Projects/WAV_Player/05_FPGA/Arty-S7/WAV_Player/WAV_Player.runs/NRM_Wrapper_synth_1/dont_touch.xdc]
Finished Parsing XDC File [C:/Users/hhartmann/Desktop/svn_fpga/trunk/01_Projects/WAV_Player/05_FPGA/Arty-S7/WAV_Player/WAV_Player.runs/NRM_Wrapper_synth_1/dont_touch.xdc]
Completed Processing XDC Constraints

Netlist sorting complete. Time (s): cpu = 00:00:00 ; elapsed = 00:00:00.002 . Memory (MB): peak = 799.715 ; gain = 0.000
INFO: [Project 1-111] Unisim Transformation Summary:
No Unisim elements were transformed.

Netlist sorting complete. Time (s): cpu = 00:00:00 ; elapsed = 00:00:00.002 . Memory (MB): peak = 799.715 ; gain = 0.000
Constraint Validation Runtime : Time (s): cpu = 00:00:00 ; elapsed = 00:00:00.059 . Memory (MB): peak = 801.027 ; gain = 1.313
---------------------------------------------------------------------------------
Finished Constraint Validation : Time (s): cpu = 00:01:51 ; elapsed = 00:01:55 . Memory (MB): peak = 801.027 ; gain = 486.000
---------------------------------------------------------------------------------
---------------------------------------------------------------------------------
Start Loading Part and Timing Information
---------------------------------------------------------------------------------
Loading part: xc7s50csga324-1
---------------------------------------------------------------------------------
Finished Loading Part and Timing Information : Time (s): cpu = 00:01:51 ; elapsed = 00:01:55 . Memory (MB): peak = 801.027 ; gain = 486.000
---------------------------------------------------------------------------------
---------------------------------------------------------------------------------
Start Applying 'set_property' XDC Constraints
---------------------------------------------------------------------------------
Applied set_property DONT_TOUCH = true for U_NRM_Normalizer/U_Sqrt. (constraint file  auto generated constraint, line ).
Applied set_property DONT_TOUCH = true for U_NRM_RAM_Wrapper/\RAM.U_RAM_NRM . (constraint file  auto generated constraint, line ).
---------------------------------------------------------------------------------
Finished applying 'set_property' XDC Constraints : Time (s): cpu = 00:01:51 ; elapsed = 00:01:55 . Memory (MB): peak = 801.027 ; gain = 486.000
---------------------------------------------------------------------------------
INFO: [Synth 8-802] inferred FSM for state register 'current_state_reg' in module 'NRM_FSM'
INFO: [Synth 8-5546] ROM "cnt_addr_end" won't be mapped to RAM because it is too sparse
INFO: [Synth 8-5544] ROM "NRM_en" won't be mapped to Block RAM because address size (3) smaller than threshold (5)
INFO: [Synth 8-5544] ROM "NRM_read" won't be mapped to Block RAM because address size (3) smaller than threshold (5)
INFO: [Synth 8-5544] ROM "NRM_open" won't be mapped to Block RAM because address size (3) smaller than threshold (5)
INFO: [Synth 8-5544] ROM "next_state" won't be mapped to Block RAM because address size (1) smaller than threshold (5)
INFO: [Synth 8-5544] ROM "next_state" won't be mapped to Block RAM because address size (1) smaller than threshold (5)
INFO: [Synth 8-5544] ROM "next_state" won't be mapped to Block RAM because address size (1) smaller than threshold (5)
INFO: [Synth 8-5544] ROM "next_state" won't be mapped to Block RAM because address size (1) smaller than threshold (5)
---------------------------------------------------------------------------------------------------
                   State |                     New Encoding |                Previous Encoding 
---------------------------------------------------------------------------------------------------
               nrm_reset |                              000 |                              000
                nrm_idle |                              001 |                              001
         nrm_wait_sample |                              010 |                              010
         nrm_load_sample |                              011 |                              011
         nrm_norm_start1 |                              100 |                              100
         nrm_norm_start2 |                              101 |                              101
           nrm_norm_loop |                              110 |                              110
            nrm_norm_end |                              111 |                              111
---------------------------------------------------------------------------------------------------
INFO: [Synth 8-3354] encoded FSM with state register 'current_state_reg' using encoding 'sequential' in module 'NRM_FSM'
---------------------------------------------------------------------------------
Finished RTL Optimization Phase 2 : Time (s): cpu = 00:01:53 ; elapsed = 00:01:58 . Memory (MB): peak = 801.027 ; gain = 486.000
---------------------------------------------------------------------------------

Report RTL Partitions: 
+-+--------------+------------+----------+
| |RTL Partition |Replication |Instances |
+-+--------------+------------+----------+
+-+--------------+------------+----------+
---------------------------------------------------------------------------------
Start RTL Component Statistics 
---------------------------------------------------------------------------------
---------------------------------------------------------------------------------
Finished RTL Component Statistics 
---------------------------------------------------------------------------------
---------------------------------------------------------------------------------
Start RTL Hierarchical Component Statistics 
---------------------------------------------------------------------------------
---------------------------------------------------------------------------------
Finished RTL Hierarchical Component Statistics
---------------------------------------------------------------------------------
---------------------------------------------------------------------------------
Start Part Resource Summary
---------------------------------------------------------------------------------
Part Resources:
DSPs: 120 (col length:60)
BRAMs: 150 (col length: RAMB18 60 RAMB36 30)
---------------------------------------------------------------------------------
Finished Part Resource Summary
---------------------------------------------------------------------------------
---------------------------------------------------------------------------------
Start Cross Boundary and Area Optimization
---------------------------------------------------------------------------------
Warning: Parallel synthesis criteria is not met 
INFO: [Synth 8-5546] ROM "U_NRM_FSM/cnt_addr_end" won't be mapped to RAM because it is too sparse
INFO: [Synth 8-3886] merging instance 'U_NRM_Normalizer/U_Sqrt/U0/i_synth/i_synth/gen_sqrt.square_root/gen_iterations[19].gen_last.gen_rem/gen_data_int/gen_rtl.gen_dly.gen_shiftreg.delay_bus_reg[0][0]' (FDE) to 'U_NRM_Normalizer/U_Sqrt/U0/i_synth/i_synth/gen_sqrt.square_root/gen_iterations[18].gen_post_mid.gen_rem/gen_data_int/gen_rtl.gen_dly.gen_shiftreg.delay_bus_reg[0][1]'
INFO: [Synth 8-3886] merging instance 'U_NRM_Normalizer/U_Sqrt/U0/i_synth/i_synth/gen_sqrt.square_root/gen_iterations[19].gen_last.gen_rem/gen_data_int/gen_rtl.gen_dly.gen_shiftreg.delay_bus_reg[0][1]' (FDE) to 'U_NRM_Normalizer/U_Sqrt/U0/i_synth/i_synth/gen_sqrt.square_root/gen_iterations[18].gen_post_mid.gen_rem/gen_data_int/gen_rtl.gen_dly.gen_shiftreg.delay_bus_reg[0][1]'
INFO: [Synth 8-3886] merging instance 'U_NRM_Normalizer/U_Sqrt/U0/i_synth/i_synth/gen_sqrt.square_root/gen_iterations[18].gen_post_mid.gen_rem/gen_data_int/gen_rtl.gen_dly.gen_shiftreg.delay_bus_reg[0][0]' (FDE) to 'U_NRM_Normalizer/U_Sqrt/U0/i_synth/i_synth/gen_sqrt.square_root/gen_iterations[18].gen_post_mid.gen_rem/gen_data_int/gen_rtl.gen_dly.gen_shiftreg.delay_bus_reg[0][1]'
INFO: [Synth 8-3333] propagating constant 0 across sequential element (\U_NRM_Normalizer/U_Sqrt /U0/i_synth/\i_synth/gen_sqrt.square_root/gen_iterations[18].gen_post_mid.gen_rem/gen_data_int/gen_rtl.gen_dly.gen_shiftreg.delay_bus_reg[0][1] )
INFO: [Synth 8-3886] merging instance 'U_NRM_Normalizer/U_Sqrt/U0/i_synth/i_synth/gen_sqrt.square_root/gen_iterations[18].gen_pre_mid.gen_rem/gen_inv_sqrt_out/gen_rtl.gen_reg.d_reg_reg[2]' (FDRE) to 'U_NRM_Normalizer/U_Sqrt/U0/i_synth/i_synth/gen_sqrt.square_root/gen_rdy_int/gen_rtl.gen_dly.gen_regs.delay_bus_reg[0]'
INFO: [Synth 8-3886] merging instance 'U_NRM_Normalizer/U_Sqrt/U0/i_synth/i_synth/gen_sqrt.square_root/gen_iterations[19].gen_last.gen_rem/gen_data_int/gen_rtl.gen_dly.gen_shiftreg.delay_bus_reg[1][0]' (FDE) to 'U_NRM_Normalizer/U_Sqrt/U0/i_synth/i_synth/gen_sqrt.square_root/gen_iterations[19].gen_last.gen_rem/gen_data_int/gen_rtl.gen_dly.gen_shiftreg.delay_bus_reg[1][1]'
INFO: [Synth 8-3886] merging instance 'U_NRM_Normalizer/U_Sqrt/U0/i_synth/i_synth/gen_sqrt.square_root/gen_iterations[19].gen_last.gen_rem/gen_data_int/gen_rtl.gen_dly.gen_shiftreg.delay_bus_reg[1][1]' (FDE) to 'U_NRM_Normalizer/U_Sqrt/U0/i_synth/i_synth/gen_sqrt.square_root/gen_iterations[18].gen_post_mid.gen_rem/gen_data_int/gen_rtl.gen_dly.gen_shiftreg.delay_bus_reg[0][1]'
INFO: [Synth 8-3886] merging instance 'U_NRM_Normalizer/U_Sqrt/U0/i_synth/i_synth/gen_sqrt.square_root/gen_iterations[18].gen_post_mid.gen_rem/gen_data_int/gen_rtl.gen_dly.gen_shiftreg.delay_bus_reg[1][0]' (FDE) to 'U_NRM_Normalizer/U_Sqrt/U0/i_synth/i_synth/gen_sqrt.square_root/gen_iterations[18].gen_post_mid.gen_rem/gen_data_int/gen_rtl.gen_dly.gen_shiftreg.delay_bus_reg[0][1]'
INFO: [Synth 8-3886] merging instance 'U_NRM_Normalizer/U_Sqrt/U0/i_synth/i_synth/gen_sqrt.square_root/gen_iterations[18].gen_post_mid.gen_rem/gen_data_int/gen_rtl.gen_dly.gen_shiftreg.delay_bus_reg[1][1]' (FDE) to 'U_NRM_Normalizer/U_Sqrt/U0/i_synth/i_synth/gen_sqrt.square_root/gen_iterations[18].gen_post_mid.gen_rem/gen_data_int/gen_rtl.gen_dly.gen_shiftreg.delay_bus_reg[0][1]'
INFO: [Synth 8-3886] merging instance 'U_NRM_Normalizer/U_Sqrt/U0/i_synth/i_synth/gen_sqrt.square_root/gen_iterations[16].gen_pre_mid.gen_rem/gen_inv_sqrt_out/gen_rtl.gen_reg.d_reg_reg[4]' (FDRE) to 'U_NRM_Normalizer/U_Sqrt/U0/i_synth/i_synth/gen_sqrt.square_root/gen_rdy_int/gen_rtl.gen_dly.gen_regs.delay_bus_reg[1]'
INFO: [Synth 8-3886] merging instance 'U_NRM_Normalizer/U_Sqrt/U0/i_synth/i_synth/gen_sqrt.square_root/gen_iterations[19].gen_last.gen_rem/gen_data_int/gen_rtl.gen_dly.gen_shiftreg.delay_bus_reg[2][0]' (FDE) to 'U_NRM_Normalizer/U_Sqrt/U0/i_synth/i_synth/gen_sqrt.square_root/gen_iterations[18].gen_post_mid.gen_rem/gen_data_int/gen_rtl.gen_dly.gen_shiftreg.delay_bus_reg[2][1]'
INFO: [Synth 8-3886] merging instance 'U_NRM_Normalizer/U_Sqrt/U0/i_synth/i_synth/gen_sqrt.square_root/gen_iterations[19].gen_last.gen_rem/gen_data_int/gen_rtl.gen_dly.gen_shiftreg.delay_bus_reg[2][1]' (FDE) to 'U_NRM_Normalizer/U_Sqrt/U0/i_synth/i_synth/gen_sqrt.square_root/gen_iterations[18].gen_post_mid.gen_rem/gen_data_int/gen_rtl.gen_dly.gen_shiftreg.delay_bus_reg[2][1]'
INFO: [Synth 8-3886] merging instance 'U_NRM_Normalizer/U_Sqrt/U0/i_synth/i_synth/gen_sqrt.square_root/gen_iterations[18].gen_post_mid.gen_rem/gen_data_int/gen_rtl.gen_dly.gen_shiftreg.delay_bus_reg[2][0]' (FDE) to 'U_NRM_Normalizer/U_Sqrt/U0/i_synth/i_synth/gen_sqrt.square_root/gen_iterations[18].gen_post_mid.gen_rem/gen_data_int/gen_rtl.gen_dly.gen_shiftreg.delay_bus_reg[2][1]'
INFO: [Synth 8-3886] merging instance 'U_NRM_Normalizer/U_Sqrt/U0/i_synth/i_synth/gen_sqrt.square_root/gen_iterations[14].gen_pre_mid.gen_rem/gen_inv_sqrt_out/gen_rtl.gen_reg.d_reg_reg[6]' (FDRE) to 'U_NRM_Normalizer/U_Sqrt/U0/i_synth/i_synth/gen_sqrt.square_root/gen_rdy_int/gen_rtl.gen_dly.gen_regs.delay_bus_reg[2]'
INFO: [Synth 8-3886] merging instance 'U_NRM_Normalizer/U_Sqrt/U0/i_synth/i_synth/gen_sqrt.square_root/gen_iterations[19].gen_last.gen_rem/gen_data_int/gen_rtl.gen_dly.gen_shiftreg.delay_bus_reg[3][0]' (FDE) to 'U_NRM_Normalizer/U_Sqrt/U0/i_synth/i_synth/gen_sqrt.square_root/gen_iterations[18].gen_post_mid.gen_rem/gen_data_int/gen_rtl.gen_dly.gen_shiftreg.delay_bus_reg[3][0]'
INFO: [Synth 8-3886] merging instance 'U_NRM_Normalizer/U_Sqrt/U0/i_synth/i_synth/gen_sqrt.square_root/gen_iterations[19].gen_last.gen_rem/gen_data_int/gen_rtl.gen_dly.gen_shiftreg.delay_bus_reg[3][1]' (FDE) to 'U_NRM_Normalizer/U_Sqrt/U0/i_synth/i_synth/gen_sqrt.square_root/gen_iterations[18].gen_post_mid.gen_rem/gen_data_int/gen_rtl.gen_dly.gen_shiftreg.delay_bus_reg[3][0]'
INFO: [Synth 8-3886] merging instance 'U_NRM_Normalizer/U_Sqrt/U0/i_synth/i_synth/gen_sqrt.square_root/gen_iterations[18].gen_post_mid.gen_rem/gen_data_int/gen_rtl.gen_dly.gen_shiftreg.delay_bus_reg[3][0]' (FDE) to 'U_NRM_Normalizer/U_Sqrt/U0/i_synth/i_synth/gen_sqrt.square_root/gen_iterations[18].gen_post_mid.gen_rem/gen_data_int/gen_rtl.gen_dly.gen_shiftreg.delay_bus_reg[3][1]'
INFO: [Synth 8-3886] merging instance 'U_NRM_Normalizer/U_Sqrt/U0/i_synth/i_synth/gen_sqrt.square_root/gen_iterations[12].gen_pre_mid.gen_rem/gen_inv_sqrt_out/gen_rtl.gen_reg.d_reg_reg[8]' (FDRE) to 'U_NRM_Normalizer/U_Sqrt/U0/i_synth/i_synth/gen_sqrt.square_root/gen_rdy_int/gen_rtl.gen_dly.gen_regs.delay_bus_reg[3]'
INFO: [Synth 8-3886] merging instance 'U_NRM_Normalizer/U_Sqrt/U0/i_synth/i_synth/gen_sqrt.square_root/gen_iterations[19].gen_last.gen_rem/gen_data_int/gen_rtl.gen_dly.gen_shiftreg.delay_bus_reg[4][0]' (FDE) to 'U_NRM_Normalizer/U_Sqrt/U0/i_synth/i_synth/gen_sqrt.square_root/gen_iterations[18].gen_post_mid.gen_rem/gen_data_int/gen_rtl.gen_dly.gen_shiftreg.delay_bus_reg[4][0]'
INFO: [Synth 8-3886] merging instance 'U_NRM_Normalizer/U_Sqrt/U0/i_synth/i_synth/gen_sqrt.square_root/gen_iterations[19].gen_last.gen_rem/gen_data_int/gen_rtl.gen_dly.gen_shiftreg.delay_bus_reg[4][1]' (FDE) to 'U_NRM_Normalizer/U_Sqrt/U0/i_synth/i_synth/gen_sqrt.square_root/gen_iterations[18].gen_post_mid.gen_rem/gen_data_int/gen_rtl.gen_dly.gen_shiftreg.delay_bus_reg[4][0]'
INFO: [Synth 8-3886] merging instance 'U_NRM_Normalizer/U_Sqrt/U0/i_synth/i_synth/gen_sqrt.square_root/gen_iterations[18].gen_post_mid.gen_rem/gen_data_int/gen_rtl.gen_dly.gen_shiftreg.delay_bus_reg[4][0]' (FDE) to 'U_NRM_Normalizer/U_Sqrt/U0/i_synth/i_synth/gen_sqrt.square_root/gen_iterations[18].gen_post_mid.gen_rem/gen_data_int/gen_rtl.gen_dly.gen_shiftreg.delay_bus_reg[4][1]'
INFO: [Synth 8-3886] merging instance 'U_NRM_Normalizer/U_Sqrt/U0/i_synth/i_synth/gen_sqrt.square_root/gen_iterations[11].gen_post_mid.gen_rem/gen_inv_sqrt_out/gen_rtl.gen_reg.d_reg_reg[10]' (FDRE) to 'U_NRM_Normalizer/U_Sqrt/U0/i_synth/i_synth/gen_sqrt.square_root/gen_rdy_int/gen_rtl.gen_dly.gen_regs.delay_bus_reg[4]'
INFO: [Synth 8-3886] merging instance 'U_NRM_Normalizer/U_Sqrt/U0/i_synth/i_synth/gen_sqrt.square_root/gen_iterations[19].gen_last.gen_rem/gen_data_int/gen_rtl.gen_dly.gen_shiftreg.delay_bus_reg[5][0]' (FDE) to 'U_NRM_Normalizer/U_Sqrt/U0/i_synth/i_synth/gen_sqrt.square_root/gen_iterations[18].gen_post_mid.gen_rem/gen_data_int/gen_rtl.gen_dly.gen_shiftreg.delay_bus_reg[5][0]'
INFO: [Synth 8-3886] merging instance 'U_NRM_Normalizer/U_Sqrt/U0/i_synth/i_synth/gen_sqrt.square_root/gen_iterations[19].gen_last.gen_rem/gen_data_int/gen_rtl.gen_dly.gen_shiftreg.delay_bus_reg[5][1]' (FDE) to 'U_NRM_Normalizer/U_Sqrt/U0/i_synth/i_synth/gen_sqrt.square_root/gen_iterations[18].gen_post_mid.gen_rem/gen_data_int/gen_rtl.gen_dly.gen_shiftreg.delay_bus_reg[5][0]'
INFO: [Synth 8-3886] merging instance 'U_NRM_Normalizer/U_Sqrt/U0/i_synth/i_synth/gen_sqrt.square_root/gen_iterations[18].gen_post_mid.gen_rem/gen_data_int/gen_rtl.gen_dly.gen_shiftreg.delay_bus_reg[5][0]' (FDE) to 'U_NRM_Normalizer/U_Sqrt/U0/i_synth/i_synth/gen_sqrt.square_root/gen_iterations[18].gen_post_mid.gen_rem/gen_data_int/gen_rtl.gen_dly.gen_shiftreg.delay_bus_reg[5][1]'
INFO: [Synth 8-3886] merging instance 'U_NRM_Normalizer/U_Sqrt/U0/i_synth/i_synth/gen_sqrt.square_root/gen_iterations[13].gen_post_mid.gen_rem/gen_inv_sqrt_out/gen_rtl.gen_reg.d_reg_reg[12]' (FDRE) to 'U_NRM_Normalizer/U_Sqrt/U0/i_synth/i_synth/gen_sqrt.square_root/gen_rdy_int/gen_rtl.gen_dly.gen_regs.delay_bus_reg[5]'
INFO: [Synth 8-3886] merging instance 'U_NRM_Normalizer/U_Sqrt/U0/i_synth/i_synth/gen_sqrt.square_root/gen_iterations[19].gen_last.gen_rem/gen_data_int/gen_rtl.gen_dly.gen_shiftreg.delay_bus_reg[6][0]' (FDE) to 'U_NRM_Normalizer/U_Sqrt/U0/i_synth/i_synth/gen_sqrt.square_root/gen_iterations[18].gen_post_mid.gen_rem/gen_data_int/gen_rtl.gen_dly.gen_shiftreg.delay_bus_reg[6][0]'
INFO: [Synth 8-3886] merging instance 'U_NRM_Normalizer/U_Sqrt/U0/i_synth/i_synth/gen_sqrt.square_root/gen_iterations[19].gen_last.gen_rem/gen_data_int/gen_rtl.gen_dly.gen_shiftreg.delay_bus_reg[6][1]' (FDE) to 'U_NRM_Normalizer/U_Sqrt/U0/i_synth/i_synth/gen_sqrt.square_root/gen_iterations[18].gen_post_mid.gen_rem/gen_data_int/gen_rtl.gen_dly.gen_shiftreg.delay_bus_reg[6][0]'
INFO: [Synth 8-3886] merging instance 'U_NRM_Normalizer/U_Sqrt/U0/i_synth/i_synth/gen_sqrt.square_root/gen_iterations[18].gen_post_mid.gen_rem/gen_data_int/gen_rtl.gen_dly.gen_shiftreg.delay_bus_reg[6][0]' (FDE) to 'U_NRM_Normalizer/U_Sqrt/U0/i_synth/i_synth/gen_sqrt.square_root/gen_iterations[18].gen_post_mid.gen_rem/gen_data_int/gen_rtl.gen_dly.gen_shiftreg.delay_bus_reg[6][1]'
INFO: [Synth 8-3886] merging instance 'U_NRM_Normalizer/U_Sqrt/U0/i_synth/i_synth/gen_sqrt.square_root/gen_iterations[15].gen_post_mid.gen_rem/gen_inv_sqrt_out/gen_rtl.gen_reg.d_reg_reg[14]' (FDRE) to 'U_NRM_Normalizer/U_Sqrt/U0/i_synth/i_synth/gen_sqrt.square_root/gen_rdy_int/gen_rtl.gen_dly.gen_regs.delay_bus_reg[6]'
INFO: [Synth 8-3886] merging instance 'U_NRM_Normalizer/U_Sqrt/U0/i_synth/i_synth/gen_sqrt.square_root/gen_iterations[19].gen_last.gen_rem/gen_data_int/gen_rtl.gen_dly.gen_shiftreg.delay_bus_reg[7][0]' (FDE) to 'U_NRM_Normalizer/U_Sqrt/U0/i_synth/i_synth/gen_sqrt.square_root/gen_iterations[18].gen_post_mid.gen_rem/gen_data_int/gen_rtl.gen_dly.gen_shiftreg.delay_bus_reg[7][0]'
INFO: [Synth 8-3886] merging instance 'U_NRM_Normalizer/U_Sqrt/U0/i_synth/i_synth/gen_sqrt.square_root/gen_iterations[19].gen_last.gen_rem/gen_data_int/gen_rtl.gen_dly.gen_shiftreg.delay_bus_reg[7][1]' (FDE) to 'U_NRM_Normalizer/U_Sqrt/U0/i_synth/i_synth/gen_sqrt.square_root/gen_iterations[18].gen_post_mid.gen_rem/gen_data_int/gen_rtl.gen_dly.gen_shiftreg.delay_bus_reg[7][0]'
INFO: [Synth 8-3886] merging instance 'U_NRM_Normalizer/U_Sqrt/U0/i_synth/i_synth/gen_sqrt.square_root/gen_iterations[18].gen_post_mid.gen_rem/gen_data_int/gen_rtl.gen_dly.gen_shiftreg.delay_bus_reg[7][0]' (FDE) to 'U_NRM_Normalizer/U_Sqrt/U0/i_synth/i_synth/gen_sqrt.square_root/gen_iterations[18].gen_post_mid.gen_rem/gen_data_int/gen_rtl.gen_dly.gen_shiftreg.delay_bus_reg[7][1]'
INFO: [Synth 8-3886] merging instance 'U_NRM_Normalizer/U_Sqrt/U0/i_synth/i_synth/gen_sqrt.square_root/gen_iterations[17].gen_post_mid.gen_rem/gen_inv_sqrt_out/gen_rtl.gen_reg.d_reg_reg[16]' (FDRE) to 'U_NRM_Normalizer/U_Sqrt/U0/i_synth/i_synth/gen_sqrt.square_root/gen_rdy_int/gen_rtl.gen_dly.gen_regs.delay_bus_reg[7]'
INFO: [Synth 8-3886] merging instance 'U_NRM_Normalizer/U_Sqrt/U0/i_synth/i_synth/gen_sqrt.square_root/gen_iterations[19].gen_last.gen_rem/gen_inv_sqrt_out/gen_rtl.gen_reg.d_reg_reg[18]' (FDRE) to 'U_NRM_Normalizer/U_Sqrt/U0/i_synth/i_synth/gen_sqrt.square_root/gen_rdy_int/gen_rtl.gen_dly.gen_regs.delay_bus_reg[8]'
INFO: [Synth 8-3333] propagating constant 0 across sequential element (\U_NRM_Normalizer/U_Sqrt /U0/i_synth/\i_synth/gen_sqrt.square_root/gen_iterations[18].gen_post_mid.gen_rem/gen_data_int/gen_rtl.gen_dly.gen_shiftreg.delay_bus_reg[0][1] )
INFO: [Synth 8-3886] merging instance 'U_NRM_Normalizer/U_Sqrt/U0/i_synth/i_synth/gen_sqrt.square_root/gen_iterations[18].gen_post_mid.gen_rem/gen_data_int/gen_rtl.gen_dly.gen_shiftreg.delay_bus_reg[2][1]' (FDE) to 'U_NRM_Normalizer/U_Sqrt/U0/i_synth/i_synth/gen_sqrt.square_root/gen_iterations[18].gen_post_mid.gen_rem/gen_data_int/gen_rtl.gen_dly.gen_shiftreg.delay_bus_reg[0][1]'
INFO: [Synth 8-3333] propagating constant 0 across sequential element (\U_NRM_Normalizer/U_Sqrt /U0/i_synth/\i_synth/gen_sqrt.square_root/gen_iterations[18].gen_post_mid.gen_rem/gen_data_int/gen_rtl.gen_dly.gen_shiftreg.delay_bus_reg[0][1] )
INFO: [Synth 8-3886] merging instance 'U_NRM_Normalizer/U_Sqrt/U0/i_synth/i_synth/gen_sqrt.square_root/gen_iterations[18].gen_post_mid.gen_rem/gen_data_int/gen_rtl.gen_dly.gen_shiftreg.delay_bus_reg[3][1]' (FDE) to 'U_NRM_Normalizer/U_Sqrt/U0/i_synth/i_synth/gen_sqrt.square_root/gen_iterations[18].gen_post_mid.gen_rem/gen_data_int/gen_rtl.gen_dly.gen_shiftreg.delay_bus_reg[0][1]'
INFO: [Synth 8-3333] propagating constant 0 across sequential element (\U_NRM_Normalizer/U_Sqrt /U0/i_synth/\i_synth/gen_sqrt.square_root/gen_iterations[18].gen_post_mid.gen_rem/gen_data_int/gen_rtl.gen_dly.gen_shiftreg.delay_bus_reg[0][1] )
INFO: [Synth 8-3886] merging instance 'U_NRM_Normalizer/U_Sqrt/U0/i_synth/i_synth/gen_sqrt.square_root/gen_iterations[18].gen_post_mid.gen_rem/gen_data_int/gen_rtl.gen_dly.gen_shiftreg.delay_bus_reg[4][1]' (FDE) to 'U_NRM_Normalizer/U_Sqrt/U0/i_synth/i_synth/gen_sqrt.square_root/gen_iterations[18].gen_post_mid.gen_rem/gen_data_int/gen_rtl.gen_dly.gen_shiftreg.delay_bus_reg[0][1]'
INFO: [Synth 8-3333] propagating constant 0 across sequential element (\U_NRM_Normalizer/U_Sqrt /U0/i_synth/\i_synth/gen_sqrt.square_root/gen_iterations[18].gen_post_mid.gen_rem/gen_data_int/gen_rtl.gen_dly.gen_shiftreg.delay_bus_reg[0][1] )
INFO: [Synth 8-3886] merging instance 'U_NRM_Normalizer/U_Sqrt/U0/i_synth/i_synth/gen_sqrt.square_root/gen_iterations[18].gen_post_mid.gen_rem/gen_data_int/gen_rtl.gen_dly.gen_shiftreg.delay_bus_reg[5][1]' (FDE) to 'U_NRM_Normalizer/U_Sqrt/U0/i_synth/i_synth/gen_sqrt.square_root/gen_iterations[18].gen_post_mid.gen_rem/gen_data_int/gen_rtl.gen_dly.gen_shiftreg.delay_bus_reg[0][1]'
INFO: [Synth 8-3333] propagating constant 0 across sequential element (\U_NRM_Normalizer/U_Sqrt /U0/i_synth/\i_synth/gen_sqrt.square_root/gen_iterations[18].gen_post_mid.gen_rem/gen_data_int/gen_rtl.gen_dly.gen_shiftreg.delay_bus_reg[0][1] )
INFO: [Synth 8-3886] merging instance 'U_NRM_Normalizer/U_Sqrt/U0/i_synth/i_synth/gen_sqrt.square_root/gen_iterations[18].gen_post_mid.gen_rem/gen_data_int/gen_rtl.gen_dly.gen_shiftreg.delay_bus_reg[6][1]' (FDE) to 'U_NRM_Normalizer/U_Sqrt/U0/i_synth/i_synth/gen_sqrt.square_root/gen_iterations[18].gen_post_mid.gen_rem/gen_data_int/gen_rtl.gen_dly.gen_shiftreg.delay_bus_reg[0][1]'
INFO: [Synth 8-3333] propagating constant 0 across sequential element (\U_NRM_Normalizer/U_Sqrt /U0/i_synth/\i_synth/gen_sqrt.square_root/gen_iterations[18].gen_post_mid.gen_rem/gen_data_int/gen_rtl.gen_dly.gen_shiftreg.delay_bus_reg[0][1] )
INFO: [Synth 8-3886] merging instance 'U_NRM_Normalizer/U_Sqrt/U0/i_synth/i_synth/gen_sqrt.square_root/gen_iterations[18].gen_post_mid.gen_rem/gen_data_int/gen_rtl.gen_dly.gen_shiftreg.delay_bus_reg[7][1]' (FDE) to 'U_NRM_Normalizer/U_Sqrt/U0/i_synth/i_synth/gen_sqrt.square_root/gen_iterations[18].gen_post_mid.gen_rem/gen_data_int/gen_rtl.gen_dly.gen_shiftreg.delay_bus_reg[0][1]'
INFO: [Synth 8-3333] propagating constant 0 across sequential element (\U_NRM_Normalizer/U_Sqrt /U0/i_synth/\i_synth/gen_sqrt.square_root/gen_iterations[18].gen_post_mid.gen_rem/gen_data_int/gen_rtl.gen_dly.gen_shiftreg.delay_bus_reg[0][1] )
---------------------------------------------------------------------------------
Finished Cross Boundary and Area Optimization : Time (s): cpu = 00:01:55 ; elapsed = 00:02:01 . Memory (MB): peak = 801.027 ; gain = 486.000
---------------------------------------------------------------------------------
INFO: [Synth 8-5844] Detected registers with asynchronous reset at DSP/BRAM block boundary. Consider using synchronous reset for optimal packing [C:/Users/hhartmann/Desktop/svn_fpga/trunk/01_Projects/WAV_Player/02_Source/NRM_Normalizer.vhd:122]
INFO: [Synth 8-5844] Detected registers with asynchronous reset at DSP/BRAM block boundary. Consider using synchronous reset for optimal packing [C:/Users/hhartmann/Desktop/svn_fpga/trunk/01_Projects/WAV_Player/02_Source/NRM_Normalizer.vhd:122]
INFO: [Synth 8-5844] Detected registers with asynchronous reset at DSP/BRAM block boundary. Consider using synchronous reset for optimal packing [C:/Users/hhartmann/Desktop/svn_fpga/trunk/01_Projects/WAV_Player/02_Source/NRM_Normalizer.vhd:121]
INFO: [Synth 8-5844] Detected registers with asynchronous reset at DSP/BRAM block boundary. Consider using synchronous reset for optimal packing [C:/Users/hhartmann/Desktop/svn_fpga/trunk/01_Projects/WAV_Player/02_Source/NRM_Normalizer.vhd:121]

Report RTL Partitions: 
+-+--------------+------------+----------+
| |RTL Partition |Replication |Instances |
+-+--------------+------------+----------+
+-+--------------+------------+----------+
---------------------------------------------------------------------------------
Start Applying XDC Timing Constraints
---------------------------------------------------------------------------------
---------------------------------------------------------------------------------
Finished Applying XDC Timing Constraints : Time (s): cpu = 00:02:12 ; elapsed = 00:02:18 . Memory (MB): peak = 855.426 ; gain = 540.398
---------------------------------------------------------------------------------
---------------------------------------------------------------------------------
Start Timing Optimization
---------------------------------------------------------------------------------
---------------------------------------------------------------------------------
Finished Timing Optimization : Time (s): cpu = 00:02:12 ; elapsed = 00:02:18 . Memory (MB): peak = 857.566 ; gain = 542.539
---------------------------------------------------------------------------------

Report RTL Partitions: 
+-+--------------+------------+----------+
| |RTL Partition |Replication |Instances |
+-+--------------+------------+----------+
+-+--------------+------------+----------+
---------------------------------------------------------------------------------
Start Technology Mapping
---------------------------------------------------------------------------------
INFO: [Synth 8-5844] Detected registers with asynchronous reset at DSP/BRAM block boundary. Consider using synchronous reset for optimal packing [C:/Users/hhartmann/Desktop/svn_fpga/trunk/01_Projects/WAV_Player/02_Source/NRM_Normalizer.vhd:171]
INFO: [Synth 8-5844] Detected registers with asynchronous reset at DSP/BRAM block boundary. Consider using synchronous reset for optimal packing [C:/Users/hhartmann/Desktop/svn_fpga/trunk/01_Projects/WAV_Player/02_Source/NRM_Normalizer.vhd:170]
INFO: [Synth 8-3886] merging instance 'i_210' (FDC) to 'i_243'
INFO: [Synth 8-5844] Detected registers with asynchronous reset at DSP/BRAM block boundary. Consider using synchronous reset for optimal packing [C:/Users/hhartmann/Desktop/svn_fpga/trunk/01_Projects/WAV_Player/02_Source/NRM_Normalizer.vhd:122]
INFO: [Synth 8-5844] Detected registers with asynchronous reset at DSP/BRAM block boundary. Consider using synchronous reset for optimal packing [C:/Users/hhartmann/Desktop/svn_fpga/trunk/01_Projects/WAV_Player/02_Source/NRM_Normalizer.vhd:122]
INFO: [Synth 8-5844] Detected registers with asynchronous reset at DSP/BRAM block boundary. Consider using synchronous reset for optimal packing [C:/Users/hhartmann/Desktop/svn_fpga/trunk/01_Projects/WAV_Player/02_Source/NRM_Normalizer.vhd:121]
INFO: [Synth 8-5844] Detected registers with asynchronous reset at DSP/BRAM block boundary. Consider using synchronous reset for optimal packing [C:/Users/hhartmann/Desktop/svn_fpga/trunk/01_Projects/WAV_Player/02_Source/NRM_Normalizer.vhd:121]
---------------------------------------------------------------------------------
Finished Technology Mapping : Time (s): cpu = 00:02:13 ; elapsed = 00:02:19 . Memory (MB): peak = 876.742 ; gain = 561.715
---------------------------------------------------------------------------------

Report RTL Partitions: 
+-+--------------+------------+----------+
| |RTL Partition |Replication |Instances |
+-+--------------+------------+----------+
+-+--------------+------------+----------+
---------------------------------------------------------------------------------
Start IO Insertion
---------------------------------------------------------------------------------
---------------------------------------------------------------------------------
Start Flattening Before IO Insertion
---------------------------------------------------------------------------------
---------------------------------------------------------------------------------
Finished Flattening Before IO Insertion
---------------------------------------------------------------------------------
---------------------------------------------------------------------------------
Start Final Netlist Cleanup
---------------------------------------------------------------------------------
---------------------------------------------------------------------------------
Finished Final Netlist Cleanup
---------------------------------------------------------------------------------
---------------------------------------------------------------------------------
Finished IO Insertion : Time (s): cpu = 00:02:14 ; elapsed = 00:02:20 . Memory (MB): peak = 876.742 ; gain = 561.715
---------------------------------------------------------------------------------

Report Check Netlist: 
+------+------------------+-------+---------+-------+------------------+
|      |Item              |Errors |Warnings |Status |Description       |
+------+------------------+-------+---------+-------+------------------+
|1     |multi_driven_nets |      0|        0|Passed |Multi driven nets |
+------+------------------+-------+---------+-------+------------------+
---------------------------------------------------------------------------------
Start Renaming Generated Instances
---------------------------------------------------------------------------------
---------------------------------------------------------------------------------
Finished Renaming Generated Instances : Time (s): cpu = 00:02:14 ; elapsed = 00:02:20 . Memory (MB): peak = 876.742 ; gain = 561.715
---------------------------------------------------------------------------------

Report RTL Partitions: 
+-+--------------+------------+----------+
| |RTL Partition |Replication |Instances |
+-+--------------+------------+----------+
+-+--------------+------------+----------+
---------------------------------------------------------------------------------
Start Rebuilding User Hierarchy
---------------------------------------------------------------------------------
---------------------------------------------------------------------------------
Finished Rebuilding User Hierarchy : Time (s): cpu = 00:02:15 ; elapsed = 00:02:21 . Memory (MB): peak = 876.742 ; gain = 561.715
---------------------------------------------------------------------------------
---------------------------------------------------------------------------------
Start Renaming Generated Ports
---------------------------------------------------------------------------------
---------------------------------------------------------------------------------
Finished Renaming Generated Ports : Time (s): cpu = 00:02:15 ; elapsed = 00:02:21 . Memory (MB): peak = 876.742 ; gain = 561.715
---------------------------------------------------------------------------------
---------------------------------------------------------------------------------
Start Handling Custom Attributes
---------------------------------------------------------------------------------
---------------------------------------------------------------------------------
Finished Handling Custom Attributes : Time (s): cpu = 00:02:15 ; elapsed = 00:02:21 . Memory (MB): peak = 876.742 ; gain = 561.715
---------------------------------------------------------------------------------
---------------------------------------------------------------------------------
Start Renaming Generated Nets
---------------------------------------------------------------------------------
---------------------------------------------------------------------------------
Finished Renaming Generated Nets : Time (s): cpu = 00:02:15 ; elapsed = 00:02:21 . Memory (MB): peak = 876.742 ; gain = 561.715
---------------------------------------------------------------------------------
---------------------------------------------------------------------------------
Start Writing Synthesis Report
---------------------------------------------------------------------------------

Report BlackBoxes: 
+-+--------------+----------+
| |BlackBox name |Instances |
+-+--------------+----------+
+-+--------------+----------+

Report Cell Usage: 
+------+---------+------+
|      |Cell     |Count |
+------+---------+------+
|1     |CARRY4   |     8|
|2     |DSP48E1  |     2|
|3     |LUT1     |    68|
|4     |LUT2     |   205|
|5     |LUT3     |   146|
|6     |LUT4     |     7|
|7     |LUT5     |    96|
|8     |LUT6     |    27|
|9     |MUXCY    |   239|
|10    |RAMB36E1 |     1|
|11    |SRL16E   |    25|
|12    |XORCY    |   217|
|13    |FDCE     |    98|
|14    |FDRE     |   234|
+------+---------+------+
---------------------------------------------------------------------------------
Finished Writing Synthesis Report : Time (s): cpu = 00:02:15 ; elapsed = 00:02:21 . Memory (MB): peak = 876.742 ; gain = 561.715
---------------------------------------------------------------------------------
Synthesis finished with 0 errors, 0 critical warnings and 334 warnings.
Synthesis Optimization Runtime : Time (s): cpu = 00:00:27 ; elapsed = 00:02:12 . Memory (MB): peak = 876.742 ; gain = 554.023
Synthesis Optimization Complete : Time (s): cpu = 00:02:15 ; elapsed = 00:02:21 . Memory (MB): peak = 876.742 ; gain = 561.715
INFO: [Project 1-571] Translating synthesized netlist
INFO: [Netlist 29-17] Analyzing 467 Unisim elements for replacement
INFO: [Netlist 29-28] Unisim Transformation completed in 0 CPU seconds
INFO: [Project 1-570] Preparing netlist for logic optimization
INFO: [Opt 31-138] Pushed 0 inverter(s) to 0 load pin(s).
Netlist sorting complete. Time (s): cpu = 00:00:00 ; elapsed = 00:00:00.002 . Memory (MB): peak = 876.742 ; gain = 0.000
INFO: [Project 1-111] Unisim Transformation Summary:
  A total of 71 instances were transformed.
  (MUXCY,XORCY) => CARRY4: 71 instances

INFO: [Common 17-83] Releasing license: Synthesis
106 Infos, 0 Warnings, 0 Critical Warnings and 0 Errors encountered.
synth_design completed successfully
synth_design: Time (s): cpu = 00:02:18 ; elapsed = 00:02:24 . Memory (MB): peak = 876.742 ; gain = 569.875
INFO: [Coretcl 2-1174] Renamed 158 cell refs.
Netlist sorting complete. Time (s): cpu = 00:00:00 ; elapsed = 00:00:00.002 . Memory (MB): peak = 876.742 ; gain = 0.000
INFO: [Common 17-1381] The checkpoint 'C:/Users/hhartmann/Desktop/svn_fpga/trunk/01_Projects/WAV_Player/05_FPGA/Arty-S7/WAV_Player/WAV_Player.runs/NRM_Wrapper_synth_1/NRM_Wrapper.dcp' has been generated.
INFO: [runtcl-4] Executing : report_utilization -file NRM_Wrapper_utilization_synth.rpt -pb NRM_Wrapper_utilization_synth.pb
INFO: [Common 17-206] Exiting Vivado at Tue Dec 10 10:48:45 2019...
