
*** Running vivado
    with args -log UART_Wrapper.vds -m64 -product Vivado -mode batch -messageDb vivado.pb -notrace -source UART_Wrapper.tcl


****** Vivado v2018.3 (64-bit)
  **** SW Build 2405991 on Thu Dec  6 23:38:27 MST 2018
  **** IP Build 2404404 on Fri Dec  7 01:43:56 MST 2018
    ** Copyright 1986-2018 Xilinx, Inc. All Rights Reserved.

source UART_Wrapper.tcl -notrace
Command: synth_design -top UART_Wrapper -part xc7s50csga324-1 -mode out_of_context
Starting synth_design
Attempting to get a license for feature 'Synthesis' and/or device 'xc7s50'
INFO: [Common 17-349] Got license for feature 'Synthesis' and/or device 'xc7s50'
INFO: Launching helper process for spawning children vivado processes
INFO: Helper process launched with PID 8868 
---------------------------------------------------------------------------------
Starting RTL Elaboration : Time (s): cpu = 00:00:02 ; elapsed = 00:00:02 . Memory (MB): peak = 382.875 ; gain = 101.941
---------------------------------------------------------------------------------
INFO: [Synth 8-638] synthesizing module 'UART_Wrapper' [C:/Users/Hugo/Documents/GitHub/WAV_Player/02_Source/UART/UART_Wrapper.vhd:62]
	Parameter G_SPEED bound to: 3686400 - type: integer 
	Parameter G_PARITY_BIT bound to: 1 - type: integer 
	Parameter G_PARIY_EVEN bound to: 1 - type: integer 
	Parameter G_SPEED bound to: 3686400 - type: integer 
	Parameter G_N_BITS bound to: 8 - type: integer 
	Parameter G_PARITY_BIT bound to: 1 - type: integer 
	Parameter G_PARIY_EVEN bound to: 1 - type: integer 
INFO: [Synth 8-3491] module 'UART_Rx' declared at 'C:/Users/Hugo/Documents/GitHub/WAV_Player/02_Source/UART/UART_Rx.vhd:30' bound to instance 'U_Rx' of component 'UART_Rx' [C:/Users/Hugo/Documents/GitHub/WAV_Player/02_Source/UART/UART_Wrapper.vhd:127]
INFO: [Synth 8-638] synthesizing module 'UART_Rx' [C:/Users/Hugo/Documents/GitHub/WAV_Player/02_Source/UART/UART_Rx.vhd:57]
	Parameter G_SPEED bound to: 3686400 - type: integer 
	Parameter G_N_BITS bound to: 8 - type: integer 
	Parameter G_PARITY_BIT bound to: 1 - type: integer 
	Parameter G_PARIY_EVEN bound to: 1 - type: integer 
INFO: [Synth 8-256] done synthesizing module 'UART_Rx' (1#1) [C:/Users/Hugo/Documents/GitHub/WAV_Player/02_Source/UART/UART_Rx.vhd:57]
	Parameter G_SPEED bound to: 3686400 - type: integer 
	Parameter G_N_BITS bound to: 8 - type: integer 
	Parameter G_PARITY_BIT bound to: 1 - type: integer 
	Parameter G_PARIY_EVEN bound to: 1 - type: integer 
INFO: [Synth 8-3491] module 'UART_Tx' declared at 'C:/Users/Hugo/Documents/GitHub/WAV_Player/02_Source/UART/UART_Tx.vhd:30' bound to instance 'U_Tx' of component 'UART_Tx' [C:/Users/Hugo/Documents/GitHub/WAV_Player/02_Source/UART/UART_Wrapper.vhd:143]
INFO: [Synth 8-638] synthesizing module 'UART_Tx' [C:/Users/Hugo/Documents/GitHub/WAV_Player/02_Source/UART/UART_Tx.vhd:58]
	Parameter G_SPEED bound to: 3686400 - type: integer 
	Parameter G_N_BITS bound to: 8 - type: integer 
	Parameter G_PARITY_BIT bound to: 1 - type: integer 
	Parameter G_PARIY_EVEN bound to: 1 - type: integer 
INFO: [Synth 8-256] done synthesizing module 'UART_Tx' (2#1) [C:/Users/Hugo/Documents/GitHub/WAV_Player/02_Source/UART/UART_Tx.vhd:58]
INFO: [Synth 8-256] done synthesizing module 'UART_Wrapper' (3#1) [C:/Users/Hugo/Documents/GitHub/WAV_Player/02_Source/UART/UART_Wrapper.vhd:62]
---------------------------------------------------------------------------------
Finished RTL Elaboration : Time (s): cpu = 00:00:02 ; elapsed = 00:00:03 . Memory (MB): peak = 440.027 ; gain = 159.094
---------------------------------------------------------------------------------

Report Check Netlist: 
+------+------------------+-------+---------+-------+------------------+
|      |Item              |Errors |Warnings |Status |Description       |
+------+------------------+-------+---------+-------+------------------+
|1     |multi_driven_nets |      0|        0|Passed |Multi driven nets |
+------+------------------+-------+---------+-------+------------------+
---------------------------------------------------------------------------------
Start Handling Custom Attributes
---------------------------------------------------------------------------------
---------------------------------------------------------------------------------
Finished Handling Custom Attributes : Time (s): cpu = 00:00:02 ; elapsed = 00:00:03 . Memory (MB): peak = 440.027 ; gain = 159.094
---------------------------------------------------------------------------------
---------------------------------------------------------------------------------
Finished RTL Optimization Phase 1 : Time (s): cpu = 00:00:02 ; elapsed = 00:00:03 . Memory (MB): peak = 440.027 ; gain = 159.094
---------------------------------------------------------------------------------
INFO: [Device 21-403] Loading part xc7s50csga324-1
INFO: [Project 1-570] Preparing netlist for logic optimization

Processing XDC Constraints
Initializing timing engine
Parsing XDC File [C:/Users/Hugo/Documents/GitHub/WAV_Player/05_FPGA/Arty-S7/WAV_Player/WAV_Player.srcs/UART_Wrapper/new/UART_Wrapper_ooc.xdc]
Finished Parsing XDC File [C:/Users/Hugo/Documents/GitHub/WAV_Player/05_FPGA/Arty-S7/WAV_Player/WAV_Player.srcs/UART_Wrapper/new/UART_Wrapper_ooc.xdc]
Completed Processing XDC Constraints

Netlist sorting complete. Time (s): cpu = 00:00:00 ; elapsed = 00:00:00 . Memory (MB): peak = 750.945 ; gain = 0.000
INFO: [Project 1-111] Unisim Transformation Summary:
No Unisim elements were transformed.

Netlist sorting complete. Time (s): cpu = 00:00:00 ; elapsed = 00:00:00 . Memory (MB): peak = 750.945 ; gain = 0.000
Constraint Validation Runtime : Time (s): cpu = 00:00:00 ; elapsed = 00:00:00.043 . Memory (MB): peak = 752.086 ; gain = 1.141
---------------------------------------------------------------------------------
Finished Constraint Validation : Time (s): cpu = 00:00:07 ; elapsed = 00:00:09 . Memory (MB): peak = 752.086 ; gain = 471.152
---------------------------------------------------------------------------------
---------------------------------------------------------------------------------
Start Loading Part and Timing Information
---------------------------------------------------------------------------------
Loading part: xc7s50csga324-1
---------------------------------------------------------------------------------
Finished Loading Part and Timing Information : Time (s): cpu = 00:00:07 ; elapsed = 00:00:09 . Memory (MB): peak = 752.086 ; gain = 471.152
---------------------------------------------------------------------------------
---------------------------------------------------------------------------------
Start Applying 'set_property' XDC Constraints
---------------------------------------------------------------------------------
---------------------------------------------------------------------------------
Finished applying 'set_property' XDC Constraints : Time (s): cpu = 00:00:07 ; elapsed = 00:00:09 . Memory (MB): peak = 752.086 ; gain = 471.152
---------------------------------------------------------------------------------
INFO: [Synth 8-802] inferred FSM for state register 'current_state_reg' in module 'UART_Rx'
INFO: [Synth 8-5546] ROM "end_count" won't be mapped to RAM because it is too sparse
INFO: [Synth 8-5544] ROM "end_bit_count" won't be mapped to Block RAM because address size (4) smaller than threshold (5)
INFO: [Synth 8-5544] ROM "next_state" won't be mapped to Block RAM because address size (1) smaller than threshold (5)
INFO: [Synth 8-5544] ROM "next_state" won't be mapped to Block RAM because address size (1) smaller than threshold (5)
INFO: [Synth 8-5544] ROM "next_state" won't be mapped to Block RAM because address size (1) smaller than threshold (5)
INFO: [Synth 8-802] inferred FSM for state register 'current_state_reg' in module 'UART_Tx'
INFO: [Synth 8-5546] ROM "end_count" won't be mapped to RAM because it is too sparse
INFO: [Synth 8-5544] ROM "end_bit_count" won't be mapped to Block RAM because address size (4) smaller than threshold (5)
INFO: [Synth 8-5544] ROM "counter_set" won't be mapped to Block RAM because address size (2) smaller than threshold (5)
INFO: [Synth 8-5544] ROM "Tx_busy" won't be mapped to Block RAM because address size (2) smaller than threshold (5)
INFO: [Synth 8-5544] ROM "next_state" won't be mapped to Block RAM because address size (1) smaller than threshold (5)
INFO: [Synth 8-5544] ROM "next_state" won't be mapped to Block RAM because address size (1) smaller than threshold (5)
INFO: [Synth 8-802] inferred FSM for state register 'current_state_reg' in module 'UART_Wrapper'
INFO: [Synth 8-5544] ROM "cnt_byte_end" won't be mapped to Block RAM because address size (4) smaller than threshold (5)
INFO: [Synth 8-5544] ROM "next_state" won't be mapped to Block RAM because address size (1) smaller than threshold (5)
INFO: [Synth 8-5544] ROM "next_state" won't be mapped to Block RAM because address size (1) smaller than threshold (5)
---------------------------------------------------------------------------------------------------
                   State |                     New Encoding |                Previous Encoding 
---------------------------------------------------------------------------------------------------
              uart_reset |                              000 |                              000
               uart_idle |                              001 |                              001
              uart_start |                              010 |                              010
               uart_wait |                              011 |                              011
             uart_parity |                              100 |                              100
                uart_end |                              101 |                              101
---------------------------------------------------------------------------------------------------
INFO: [Synth 8-3354] encoded FSM with state register 'current_state_reg' using encoding 'sequential' in module 'UART_Rx'
---------------------------------------------------------------------------------------------------
                   State |                     New Encoding |                Previous Encoding 
---------------------------------------------------------------------------------------------------
              uart_reset |                               00 |                               00
               uart_idle |                               01 |                               01
              uart_start |                               10 |                               10
               uart_wait |                               11 |                               11
---------------------------------------------------------------------------------------------------
INFO: [Synth 8-3354] encoded FSM with state register 'current_state_reg' using encoding 'sequential' in module 'UART_Tx'
---------------------------------------------------------------------------------------------------
                   State |                     New Encoding |                Previous Encoding 
---------------------------------------------------------------------------------------------------
              uart_reset |                              000 |                              000
               uart_idle |                              001 |                              001
           uart_set_addr |                              010 |                              011
             uart_sample |                              011 |                              010
         uart_write_data |                              100 |                              100
---------------------------------------------------------------------------------------------------
INFO: [Synth 8-3354] encoded FSM with state register 'current_state_reg' using encoding 'sequential' in module 'UART_Wrapper'
---------------------------------------------------------------------------------
Finished RTL Optimization Phase 2 : Time (s): cpu = 00:00:08 ; elapsed = 00:00:09 . Memory (MB): peak = 752.086 ; gain = 471.152
---------------------------------------------------------------------------------

Report RTL Partitions: 
+-+--------------+------------+----------+
| |RTL Partition |Replication |Instances |
+-+--------------+------------+----------+
+-+--------------+------------+----------+
---------------------------------------------------------------------------------
Start RTL Component Statistics 
---------------------------------------------------------------------------------
Detailed RTL Component Info : 
+---Adders : 
	   2 Input     19 Bit       Adders := 2     
	   2 Input      4 Bit       Adders := 3     
+---XORs : 
	   9 Input      1 Bit         XORs := 1     
	   8 Input      1 Bit         XORs := 1     
+---Registers : 
	               19 Bit    Registers := 2     
	               16 Bit    Registers := 1     
	               10 Bit    Registers := 2     
	                8 Bit    Registers := 2     
	                4 Bit    Registers := 3     
	                1 Bit    Registers := 5     
+---Muxes : 
	   2 Input     19 Bit        Muxes := 4     
	   2 Input     10 Bit        Muxes := 1     
	   2 Input      4 Bit        Muxes := 3     
	   6 Input      3 Bit        Muxes := 1     
	   2 Input      3 Bit        Muxes := 5     
	   5 Input      3 Bit        Muxes := 1     
	   4 Input      2 Bit        Muxes := 1     
	   2 Input      2 Bit        Muxes := 2     
	   2 Input      1 Bit        Muxes := 9     
	   6 Input      1 Bit        Muxes := 2     
	   4 Input      1 Bit        Muxes := 1     
	   5 Input      1 Bit        Muxes := 2     
---------------------------------------------------------------------------------
Finished RTL Component Statistics 
---------------------------------------------------------------------------------
---------------------------------------------------------------------------------
Start RTL Hierarchical Component Statistics 
---------------------------------------------------------------------------------
Hierarchical RTL Component report 
Module UART_Wrapper 
Detailed RTL Component Info : 
+---Adders : 
	   2 Input      4 Bit       Adders := 1     
+---Registers : 
	               16 Bit    Registers := 1     
	                8 Bit    Registers := 1     
	                4 Bit    Registers := 1     
	                1 Bit    Registers := 1     
+---Muxes : 
	   2 Input      4 Bit        Muxes := 1     
	   5 Input      3 Bit        Muxes := 1     
	   2 Input      3 Bit        Muxes := 2     
	   2 Input      1 Bit        Muxes := 2     
	   5 Input      1 Bit        Muxes := 2     
Module UART_Rx 
Detailed RTL Component Info : 
+---Adders : 
	   2 Input     19 Bit       Adders := 1     
	   2 Input      4 Bit       Adders := 1     
+---XORs : 
	   9 Input      1 Bit         XORs := 1     
+---Registers : 
	               19 Bit    Registers := 1     
	               10 Bit    Registers := 1     
	                8 Bit    Registers := 1     
	                4 Bit    Registers := 1     
	                1 Bit    Registers := 4     
+---Muxes : 
	   2 Input     19 Bit        Muxes := 2     
	   2 Input      4 Bit        Muxes := 1     
	   6 Input      3 Bit        Muxes := 1     
	   2 Input      3 Bit        Muxes := 3     
	   2 Input      1 Bit        Muxes := 3     
	   6 Input      1 Bit        Muxes := 2     
Module UART_Tx 
Detailed RTL Component Info : 
+---Adders : 
	   2 Input     19 Bit       Adders := 1     
	   2 Input      4 Bit       Adders := 1     
+---XORs : 
	   8 Input      1 Bit         XORs := 1     
+---Registers : 
	               19 Bit    Registers := 1     
	               10 Bit    Registers := 1     
	                4 Bit    Registers := 1     
+---Muxes : 
	   2 Input     19 Bit        Muxes := 2     
	   2 Input     10 Bit        Muxes := 1     
	   2 Input      4 Bit        Muxes := 1     
	   4 Input      2 Bit        Muxes := 1     
	   2 Input      2 Bit        Muxes := 2     
	   2 Input      1 Bit        Muxes := 4     
	   4 Input      1 Bit        Muxes := 1     
---------------------------------------------------------------------------------
Finished RTL Hierarchical Component Statistics
---------------------------------------------------------------------------------
---------------------------------------------------------------------------------
Start Part Resource Summary
---------------------------------------------------------------------------------
Part Resources:
DSPs: 120 (col length:60)
BRAMs: 150 (col length: RAMB18 60 RAMB36 30)
---------------------------------------------------------------------------------
Finished Part Resource Summary
---------------------------------------------------------------------------------
---------------------------------------------------------------------------------
Start Cross Boundary and Area Optimization
---------------------------------------------------------------------------------
Warning: Parallel synthesis criteria is not met 
INFO: [Synth 8-5546] ROM "U_Rx/end_count" won't be mapped to RAM because it is too sparse
INFO: [Synth 8-5546] ROM "U_Tx/end_count" won't be mapped to RAM because it is too sparse
---------------------------------------------------------------------------------
Finished Cross Boundary and Area Optimization : Time (s): cpu = 00:00:08 ; elapsed = 00:00:10 . Memory (MB): peak = 752.086 ; gain = 471.152
---------------------------------------------------------------------------------

Report RTL Partitions: 
+-+--------------+------------+----------+
| |RTL Partition |Replication |Instances |
+-+--------------+------------+----------+
+-+--------------+------------+----------+
---------------------------------------------------------------------------------
Start Applying XDC Timing Constraints
---------------------------------------------------------------------------------
---------------------------------------------------------------------------------
Finished Applying XDC Timing Constraints : Time (s): cpu = 00:00:14 ; elapsed = 00:00:17 . Memory (MB): peak = 752.840 ; gain = 471.906
---------------------------------------------------------------------------------
---------------------------------------------------------------------------------
Start Timing Optimization
---------------------------------------------------------------------------------
---------------------------------------------------------------------------------
Finished Timing Optimization : Time (s): cpu = 00:00:14 ; elapsed = 00:00:17 . Memory (MB): peak = 753.063 ; gain = 472.129
---------------------------------------------------------------------------------

Report RTL Partitions: 
+-+--------------+------------+----------+
| |RTL Partition |Replication |Instances |
+-+--------------+------------+----------+
+-+--------------+------------+----------+
---------------------------------------------------------------------------------
Start Technology Mapping
---------------------------------------------------------------------------------
---------------------------------------------------------------------------------
Finished Technology Mapping : Time (s): cpu = 00:00:14 ; elapsed = 00:00:17 . Memory (MB): peak = 773.082 ; gain = 492.148
---------------------------------------------------------------------------------

Report RTL Partitions: 
+-+--------------+------------+----------+
| |RTL Partition |Replication |Instances |
+-+--------------+------------+----------+
+-+--------------+------------+----------+
---------------------------------------------------------------------------------
Start IO Insertion
---------------------------------------------------------------------------------
---------------------------------------------------------------------------------
Start Flattening Before IO Insertion
---------------------------------------------------------------------------------
---------------------------------------------------------------------------------
Finished Flattening Before IO Insertion
---------------------------------------------------------------------------------
---------------------------------------------------------------------------------
Start Final Netlist Cleanup
---------------------------------------------------------------------------------
---------------------------------------------------------------------------------
Finished Final Netlist Cleanup
---------------------------------------------------------------------------------
---------------------------------------------------------------------------------
Finished IO Insertion : Time (s): cpu = 00:00:15 ; elapsed = 00:00:18 . Memory (MB): peak = 773.082 ; gain = 492.148
---------------------------------------------------------------------------------

Report Check Netlist: 
+------+------------------+-------+---------+-------+------------------+
|      |Item              |Errors |Warnings |Status |Description       |
+------+------------------+-------+---------+-------+------------------+
|1     |multi_driven_nets |      0|        0|Passed |Multi driven nets |
+------+------------------+-------+---------+-------+------------------+
---------------------------------------------------------------------------------
Start Renaming Generated Instances
---------------------------------------------------------------------------------
---------------------------------------------------------------------------------
Finished Renaming Generated Instances : Time (s): cpu = 00:00:15 ; elapsed = 00:00:18 . Memory (MB): peak = 773.082 ; gain = 492.148
---------------------------------------------------------------------------------

Report RTL Partitions: 
+-+--------------+------------+----------+
| |RTL Partition |Replication |Instances |
+-+--------------+------------+----------+
+-+--------------+------------+----------+
---------------------------------------------------------------------------------
Start Rebuilding User Hierarchy
---------------------------------------------------------------------------------
---------------------------------------------------------------------------------
Finished Rebuilding User Hierarchy : Time (s): cpu = 00:00:15 ; elapsed = 00:00:18 . Memory (MB): peak = 773.082 ; gain = 492.148
---------------------------------------------------------------------------------
---------------------------------------------------------------------------------
Start Renaming Generated Ports
---------------------------------------------------------------------------------
---------------------------------------------------------------------------------
Finished Renaming Generated Ports : Time (s): cpu = 00:00:15 ; elapsed = 00:00:18 . Memory (MB): peak = 773.082 ; gain = 492.148
---------------------------------------------------------------------------------
---------------------------------------------------------------------------------
Start Handling Custom Attributes
---------------------------------------------------------------------------------
---------------------------------------------------------------------------------
Finished Handling Custom Attributes : Time (s): cpu = 00:00:15 ; elapsed = 00:00:18 . Memory (MB): peak = 773.082 ; gain = 492.148
---------------------------------------------------------------------------------
---------------------------------------------------------------------------------
Start Renaming Generated Nets
---------------------------------------------------------------------------------
---------------------------------------------------------------------------------
Finished Renaming Generated Nets : Time (s): cpu = 00:00:15 ; elapsed = 00:00:18 . Memory (MB): peak = 773.082 ; gain = 492.148
---------------------------------------------------------------------------------
---------------------------------------------------------------------------------
Start Writing Synthesis Report
---------------------------------------------------------------------------------

Report BlackBoxes: 
+-+--------------+----------+
| |BlackBox name |Instances |
+-+--------------+----------+
+-+--------------+----------+

Report Cell Usage: 
+------+-------+------+
|      |Cell   |Count |
+------+-------+------+
|1     |CARRY4 |    10|
|2     |LUT1   |    37|
|3     |LUT2   |     2|
|4     |LUT3   |    17|
|5     |LUT4   |    39|
|6     |LUT5   |    30|
|7     |LUT6   |     7|
|8     |FDCE   |    98|
|9     |FDPE   |    17|
+------+-------+------+

Report Instance Areas: 
+------+---------+--------+------+
|      |Instance |Module  |Cells |
+------+---------+--------+------+
|1     |top      |        |   257|
|2     |  U_Rx   |UART_Rx |   114|
|3     |  U_Tx   |UART_Tx |   103|
+------+---------+--------+------+
---------------------------------------------------------------------------------
Finished Writing Synthesis Report : Time (s): cpu = 00:00:15 ; elapsed = 00:00:18 . Memory (MB): peak = 773.082 ; gain = 492.148
---------------------------------------------------------------------------------
Synthesis finished with 0 errors, 0 critical warnings and 0 warnings.
Synthesis Optimization Runtime : Time (s): cpu = 00:00:09 ; elapsed = 00:00:14 . Memory (MB): peak = 773.082 ; gain = 180.090
Synthesis Optimization Complete : Time (s): cpu = 00:00:15 ; elapsed = 00:00:18 . Memory (MB): peak = 773.082 ; gain = 492.148
INFO: [Project 1-571] Translating synthesized netlist
INFO: [Netlist 29-17] Analyzing 10 Unisim elements for replacement
INFO: [Netlist 29-28] Unisim Transformation completed in 0 CPU seconds
INFO: [Project 1-570] Preparing netlist for logic optimization
INFO: [Opt 31-138] Pushed 0 inverter(s) to 0 load pin(s).
Netlist sorting complete. Time (s): cpu = 00:00:00 ; elapsed = 00:00:00 . Memory (MB): peak = 773.082 ; gain = 0.000
INFO: [Project 1-111] Unisim Transformation Summary:
No Unisim elements were transformed.

INFO: [Common 17-83] Releasing license: Synthesis
41 Infos, 0 Warnings, 0 Critical Warnings and 0 Errors encountered.
synth_design completed successfully
synth_design: Time (s): cpu = 00:00:17 ; elapsed = 00:00:20 . Memory (MB): peak = 773.082 ; gain = 504.270
INFO: [Coretcl 2-1174] Renamed 2 cell refs.
Netlist sorting complete. Time (s): cpu = 00:00:00 ; elapsed = 00:00:00 . Memory (MB): peak = 773.082 ; gain = 0.000
INFO: [Common 17-1381] The checkpoint 'C:/Users/Hugo/Documents/GitHub/WAV_Player/05_FPGA/Arty-S7/WAV_Player/WAV_Player.runs/UART_Wrapper_synth_1/UART_Wrapper.dcp' has been generated.
INFO: [runtcl-4] Executing : report_utilization -file UART_Wrapper_utilization_synth.rpt -pb UART_Wrapper_utilization_synth.pb
INFO: [Common 17-206] Exiting Vivado at Tue Jul 28 22:24:06 2020...
