Vivado Simulator 2018.3
Time resolution is 1 ps
Block Memory Generator module VU_wrapper.U_VU_metre.\GEN_RAM(0)\.U_RAM.inst.native_mem_module.blk_mem_gen_v8_4_2_inst is using a behavioral model for simulation which will not precisely model memory collision behavior.
Block Memory Generator module VU_wrapper.U_VU_metre.\GEN_RAM(1)\.U_RAM.inst.native_mem_module.blk_mem_gen_v8_4_2_inst is using a behavioral model for simulation which will not precisely model memory collision behavior.
Block Memory Generator module VU_wrapper.U_VU_metre.\GEN_RAM(2)\.U_RAM.inst.native_mem_module.blk_mem_gen_v8_4_2_inst is using a behavioral model for simulation which will not precisely model memory collision behavior.
Block Memory Generator module VU_wrapper.U_VU_metre.\GEN_RAM(3)\.U_RAM.inst.native_mem_module.blk_mem_gen_v8_4_2_inst is using a behavioral model for simulation which will not precisely model memory collision behavior.
Block Memory Generator module VU_wrapper.U_VU_metre.\GEN_RAM(4)\.U_RAM.inst.native_mem_module.blk_mem_gen_v8_4_2_inst is using a behavioral model for simulation which will not precisely model memory collision behavior.
Block Memory Generator module VU_wrapper.U_VU_metre.\GEN_RAM(5)\.U_RAM.inst.native_mem_module.blk_mem_gen_v8_4_2_inst is using a behavioral model for simulation which will not precisely model memory collision behavior.
Block Memory Generator module VU_wrapper.U_VU_metre.\GEN_RAM(6)\.U_RAM.inst.native_mem_module.blk_mem_gen_v8_4_2_inst is using a behavioral model for simulation which will not precisely model memory collision behavior.
Block Memory Generator module VU_wrapper.U_VU_metre.\GEN_RAM(7)\.U_RAM.inst.native_mem_module.blk_mem_gen_v8_4_2_inst is using a behavioral model for simulation which will not precisely model memory collision behavior.
Block Memory Generator module VU_wrapper.U_VU_metre.\GEN_RAM(0)\.U_RAM.inst.native_mem_module.blk_mem_gen_v8_4_2_inst is using a behavioral model for simulation which will not precisely model memory collision behavior.
Block Memory Generator module VU_wrapper.U_VU_metre.\GEN_RAM(1)\.U_RAM.inst.native_mem_module.blk_mem_gen_v8_4_2_inst is using a behavioral model for simulation which will not precisely model memory collision behavior.
Block Memory Generator module VU_wrapper.U_VU_metre.\GEN_RAM(2)\.U_RAM.inst.native_mem_module.blk_mem_gen_v8_4_2_inst is using a behavioral model for simulation which will not precisely model memory collision behavior.
Block Memory Generator module VU_wrapper.U_VU_metre.\GEN_RAM(3)\.U_RAM.inst.native_mem_module.blk_mem_gen_v8_4_2_inst is using a behavioral model for simulation which will not precisely model memory collision behavior.
Block Memory Generator module VU_wrapper.U_VU_metre.\GEN_RAM(4)\.U_RAM.inst.native_mem_module.blk_mem_gen_v8_4_2_inst is using a behavioral model for simulation which will not precisely model memory collision behavior.
Block Memory Generator module VU_wrapper.U_VU_metre.\GEN_RAM(5)\.U_RAM.inst.native_mem_module.blk_mem_gen_v8_4_2_inst is using a behavioral model for simulation which will not precisely model memory collision behavior.
Block Memory Generator module VU_wrapper.U_VU_metre.\GEN_RAM(6)\.U_RAM.inst.native_mem_module.blk_mem_gen_v8_4_2_inst is using a behavioral model for simulation which will not precisely model memory collision behavior.
Block Memory Generator module VU_wrapper.U_VU_metre.\GEN_RAM(7)\.U_RAM.inst.native_mem_module.blk_mem_gen_v8_4_2_inst is using a behavioral model for simulation which will not precisely model memory collision behavior.
Failure: Assertion violation
Time: 38896630 ps  Iteration: 0  Process: /VU_wrapper/P_scenario  File: C:/Users/hugoh/Documents/GitHub/WAV_Player/03_Tests/VU_wrapper.vhd
$finish called at time : 38896630 ps : File "C:/Users/hugoh/Documents/GitHub/WAV_Player/03_Tests/VU_wrapper.vhd" Line 109
Block Memory Generator module VU_wrapper.U_VU_metre.\GEN_RAM(0)\.U_RAM.inst.native_mem_module.blk_mem_gen_v8_4_2_inst is using a behavioral model for simulation which will not precisely model memory collision behavior.
Block Memory Generator module VU_wrapper.U_VU_metre.\GEN_RAM(1)\.U_RAM.inst.native_mem_module.blk_mem_gen_v8_4_2_inst is using a behavioral model for simulation which will not precisely model memory collision behavior.
Block Memory Generator module VU_wrapper.U_VU_metre.\GEN_RAM(2)\.U_RAM.inst.native_mem_module.blk_mem_gen_v8_4_2_inst is using a behavioral model for simulation which will not precisely model memory collision behavior.
Block Memory Generator module VU_wrapper.U_VU_metre.\GEN_RAM(3)\.U_RAM.inst.native_mem_module.blk_mem_gen_v8_4_2_inst is using a behavioral model for simulation which will not precisely model memory collision behavior.
Block Memory Generator module VU_wrapper.U_VU_metre.\GEN_RAM(4)\.U_RAM.inst.native_mem_module.blk_mem_gen_v8_4_2_inst is using a behavioral model for simulation which will not precisely model memory collision behavior.
Block Memory Generator module VU_wrapper.U_VU_metre.\GEN_RAM(5)\.U_RAM.inst.native_mem_module.blk_mem_gen_v8_4_2_inst is using a behavioral model for simulation which will not precisely model memory collision behavior.
Block Memory Generator module VU_wrapper.U_VU_metre.\GEN_RAM(6)\.U_RAM.inst.native_mem_module.blk_mem_gen_v8_4_2_inst is using a behavioral model for simulation which will not precisely model memory collision behavior.
Block Memory Generator module VU_wrapper.U_VU_metre.\GEN_RAM(7)\.U_RAM.inst.native_mem_module.blk_mem_gen_v8_4_2_inst is using a behavioral model for simulation which will not precisely model memory collision behavior.
Failure: Assertion violation
Time: 38896630 ps  Iteration: 0  Process: /VU_wrapper/P_scenario  File: C:/Users/hugoh/Documents/GitHub/WAV_Player/03_Tests/VU_wrapper.vhd
$finish called at time : 38896630 ps : File "C:/Users/hugoh/Documents/GitHub/WAV_Player/03_Tests/VU_wrapper.vhd" Line 109
Block Memory Generator module VU_wrapper.U_VU_metre.\GEN_RAM(0)\.U_RAM.inst.native_mem_module.blk_mem_gen_v8_4_2_inst is using a behavioral model for simulation which will not precisely model memory collision behavior.
Block Memory Generator module VU_wrapper.U_VU_metre.\GEN_RAM(1)\.U_RAM.inst.native_mem_module.blk_mem_gen_v8_4_2_inst is using a behavioral model for simulation which will not precisely model memory collision behavior.
Block Memory Generator module VU_wrapper.U_VU_metre.\GEN_RAM(2)\.U_RAM.inst.native_mem_module.blk_mem_gen_v8_4_2_inst is using a behavioral model for simulation which will not precisely model memory collision behavior.
Block Memory Generator module VU_wrapper.U_VU_metre.\GEN_RAM(3)\.U_RAM.inst.native_mem_module.blk_mem_gen_v8_4_2_inst is using a behavioral model for simulation which will not precisely model memory collision behavior.
Block Memory Generator module VU_wrapper.U_VU_metre.\GEN_RAM(4)\.U_RAM.inst.native_mem_module.blk_mem_gen_v8_4_2_inst is using a behavioral model for simulation which will not precisely model memory collision behavior.
Block Memory Generator module VU_wrapper.U_VU_metre.\GEN_RAM(5)\.U_RAM.inst.native_mem_module.blk_mem_gen_v8_4_2_inst is using a behavioral model for simulation which will not precisely model memory collision behavior.
Block Memory Generator module VU_wrapper.U_VU_metre.\GEN_RAM(6)\.U_RAM.inst.native_mem_module.blk_mem_gen_v8_4_2_inst is using a behavioral model for simulation which will not precisely model memory collision behavior.
Block Memory Generator module VU_wrapper.U_VU_metre.\GEN_RAM(7)\.U_RAM.inst.native_mem_module.blk_mem_gen_v8_4_2_inst is using a behavioral model for simulation which will not precisely model memory collision behavior.
Failure: Assertion violation
Time: 38896630 ps  Iteration: 0  Process: /VU_wrapper/P_scenario  File: C:/Users/hugoh/Documents/GitHub/WAV_Player/03_Tests/VU_wrapper.vhd
$finish called at time : 38896630 ps : File "C:/Users/hugoh/Documents/GitHub/WAV_Player/03_Tests/VU_wrapper.vhd" Line 109
